03:06:46 ----------------------------------------------------------------------------------------------------
03:06:46 [CheckSystemInformation] ClientVersion: PREMIUM, SystemVersion: 6.2.9200, MemoryUsage: 8448/32678mb
03:06:46 [SplashScreen] SplashType: 0, TextSwitch: 1, DisplayText: Licensed to: Mu Dynasty
03:06:46 [CHClientInfoSend] IsReconnect: 0, ClientFileCRC: 732D01BC, HackVersion: PREMIUM, HardwareId: 08E3877F-A3CA84B3-C41F8C74-B879E0A3
03:06:46 [HCClientInfoRecv] Result: 0, EncDecKey: 0 - 0, InternalVersion: 0, Reconnect: 1, MemoryGuard: 1 - 2, MacroProtect: 1 - 4, MemoryAddress: E611B2 - E61F68 - E61F70 - 8793718 - 8128AC8 - E8C578 - 9D0040 - 9CFC26
03:06:46 [HCDumpListRecv] Count: 113, MaxCount: 568
03:06:46 [HCDumpListRecv] Count: 113, MaxCount: 568
03:06:46 [HCDumpListRecv] Count: 113, MaxCount: 568
03:06:46 [HCDumpListRecv] Count: 113, MaxCount: 568
03:06:46 [HCDumpListRecv] Count: 113, MaxCount: 568
03:06:46 [HCDumpListRecv] Count: 3, MaxCount: 568
03:06:46 [HCChecksumListRecv] Count: 0, MaxCount: 0
03:06:46 [HCInternalListRecv] Count: 15, MaxCount: 15
03:06:46 [HCWindowListRecv] Count: 0, MaxCount: 0
03:06:46 [EntryProc] DumpListMaxCount: 568, ChecksumListMaxCount: 0, InternalListMaxCount: 15, WindowListMaxCount: 0
03:06:49 [EntryProc] Initialization successful
03:07:35 ----------------------------------------------------------------------------------------------------
03:07:35 [CheckSystemInformation] ClientVersion: PREMIUM, SystemVersion: 6.2.9200, MemoryUsage: 8447/32678mb
03:07:35 [SplashScreen] SplashType: 0, TextSwitch: 1, DisplayText: Licensed to: Mu Dynasty
03:07:35 [CHClientInfoSend] IsReconnect: 0, ClientFileCRC: 732D01BC, HackVersion: PREMIUM, HardwareId: 08E3877F-A3CA84B3-C41F8C74-B879E0A3
03:07:35 [HCClientInfoRecv] Result: 0, EncDecKey: 0 - 0, InternalVersion: 0, Reconnect: 1, MemoryGuard: 1 - 2, MacroProtect: 1 - 4, MemoryAddress: E611B2 - E61F68 - E61F70 - 8793718 - 8128AC8 - E8C578 - 9D0040 - 9CFC26
03:07:35 [HCDumpListRecv] Count: 113, MaxCount: 568
03:07:35 [HCDumpListRecv] Count: 113, MaxCount: 568
03:07:35 [HCDumpListRecv] Count: 113, MaxCount: 568
03:07:35 [HCDumpListRecv] Count: 113, MaxCount: 568
03:07:35 [HCDumpListRecv] Count: 113, MaxCount: 568
03:07:35 [HCDumpListRecv] Count: 3, MaxCount: 568
03:07:35 [HCChecksumListRecv] Count: 0, MaxCount: 0
03:07:35 [HCInternalListRecv] Count: 15, MaxCount: 15
03:07:35 [HCWindowListRecv] Count: 0, MaxCount: 0
03:07:35 [EntryProc] DumpListMaxCount: 568, ChecksumListMaxCount: 0, InternalListMaxCount: 15, WindowListMaxCount: 0
03:07:37 [EntryProc] Initialization successful
03:15:32 ----------------------------------------------------------------------------------------------------
03:15:32 [CheckSystemInformation] ClientVersion: PREMIUM, SystemVersion: 6.2.9200, MemoryUsage: 8347/32678mb
03:15:32 [SplashScreen] SplashType: 0, TextSwitch: 1, DisplayText: Licensed to: Mu Dynasty
03:15:32 [CHClientInfoSend] IsReconnect: 0, ClientFileCRC: 732D01BC, HackVersion: PREMIUM, HardwareId: 08E3877F-A3CA84B3-C41F8C74-B879E0A3
03:15:33 [HCClientInfoRecv] Result: 0, EncDecKey: 0 - 0, InternalVersion: 0, Reconnect: 1, MemoryGuard: 1 - 2, MacroProtect: 1 - 4, MemoryAddress: E611B2 - E61F68 - E61F70 - 8793718 - 8128AC8 - E8C578 - 9D0040 - 9CFC26
03:15:33 [HCDumpListRecv] Count: 113, MaxCount: 568
03:15:33 [HCDumpListRecv] Count: 113, MaxCount: 568
03:15:33 [HCDumpListRecv] Count: 113, MaxCount: 568
03:15:33 [HCDumpListRecv] Count: 113, MaxCount: 568
03:15:33 [HCDumpListRecv] Count: 113, MaxCount: 568
03:15:33 [HCDumpListRecv] Count: 3, MaxCount: 568
03:15:33 [HCChecksumListRecv] Count: 0, MaxCount: 0
03:15:33 [HCInternalListRecv] Count: 15, MaxCount: 15
03:15:33 [HCWindowListRecv] Count: 0, MaxCount: 0
03:15:33 [EntryProc] DumpListMaxCount: 568, ChecksumListMaxCount: 0, InternalListMaxCount: 15, WindowListMaxCount: 0
03:15:35 [EntryProc] Initialization successful
03:21:53 ----------------------------------------------------------------------------------------------------
03:21:53 [CheckSystemInformation] ClientVersion: PREMIUM, SystemVersion: 6.2.9200, MemoryUsage: 8531/32678mb
03:21:53 [SplashScreen] SplashType: 0, TextSwitch: 1, DisplayText: Licensed to: Mu Dynasty
03:21:53 [CHClientInfoSend] IsReconnect: 0, ClientFileCRC: 732D01BC, HackVersion: PREMIUM, HardwareId: 08E3877F-A3CA84B3-C41F8C74-B879E0A3
03:21:53 [HCClientInfoRecv] Result: 0, EncDecKey: 0 - 0, InternalVersion: 0, Reconnect: 1, MemoryGuard: 1 - 2, MacroProtect: 1 - 4, MemoryAddress: E611B2 - E61F68 - E61F70 - 8793718 - 8128AC8 - E8C578 - 9D0040 - 9CFC26
03:21:53 [HCDumpListRecv] Count: 113, MaxCount: 568
03:21:53 [HCDumpListRecv] Count: 113, MaxCount: 568
03:21:53 [HCDumpListRecv] Count: 113, MaxCount: 568
03:21:53 [HCDumpListRecv] Count: 113, MaxCount: 568
03:21:53 [HCDumpListRecv] Count: 113, MaxCount: 568
03:21:53 [HCDumpListRecv] Count: 3, MaxCount: 568
03:21:53 [HCChecksumListRecv] Count: 0, MaxCount: 0
03:21:53 [HCInternalListRecv] Count: 15, MaxCount: 15
03:21:53 [HCWindowListRecv] Count: 0, MaxCount: 0
03:21:54 [EntryProc] DumpListMaxCount: 568, ChecksumListMaxCount: 0, InternalListMaxCount: 15, WindowListMaxCount: 0
03:21:56 [EntryProc] Initialization successful
03:26:54 ----------------------------------------------------------------------------------------------------
03:26:54 [CheckSystemInformation] ClientVersion: PREMIUM, SystemVersion: 6.2.9200, MemoryUsage: 8914/32678mb
03:26:54 [SplashScreen] SplashType: 0, TextSwitch: 1, DisplayText: Licensed to: Mu Dynasty
03:26:54 [CHClientInfoSend] IsReconnect: 0, ClientFileCRC: 732D01BC, HackVersion: PREMIUM, HardwareId: 08E3877F-A3CA84B3-C41F8C74-B879E0A3
03:26:54 [HCClientInfoRecv] Result: 0, EncDecKey: 0 - 0, InternalVersion: 0, Reconnect: 1, MemoryGuard: 1 - 2, MacroProtect: 1 - 4, MemoryAddress: E611B2 - E61F68 - E61F70 - 8793718 - 8128AC8 - E8C578 - 9D0040 - 9CFC26
03:26:54 [HCDumpListRecv] Count: 113, MaxCount: 568
03:26:54 [HCDumpListRecv] Count: 113, MaxCount: 568
03:26:54 [HCDumpListRecv] Count: 113, MaxCount: 568
03:26:54 [HCDumpListRecv] Count: 113, MaxCount: 568
03:26:54 [HCDumpListRecv] Count: 113, MaxCount: 568
03:26:54 [HCDumpListRecv] Count: 3, MaxCount: 568
03:26:54 [HCChecksumListRecv] Count: 0, MaxCount: 0
03:26:54 [HCInternalListRecv] Count: 15, MaxCount: 15
03:26:54 [HCWindowListRecv] Count: 0, MaxCount: 0
03:26:54 [EntryProc] DumpListMaxCount: 568, ChecksumListMaxCount: 0, InternalListMaxCount: 15, WindowListMaxCount: 0
03:26:56 [EntryProc] Initialization successful
03:29:00 ----------------------------------------------------------------------------------------------------
03:29:00 [CheckSystemInformation] ClientVersion: PREMIUM, SystemVersion: 6.2.9200, MemoryUsage: 9228/32678mb
03:29:00 [SplashScreen] SplashType: 0, TextSwitch: 1, DisplayText: Licensed to: Mu Dynasty
03:29:00 [CHClientInfoSend] IsReconnect: 0, ClientFileCRC: 732D01BC, HackVersion: PREMIUM, HardwareId: 08E3877F-A3CA84B3-C41F8C74-B879E0A3
03:29:00 [HCClientInfoRecv] Result: 0, EncDecKey: 0 - 0, InternalVersion: 0, Reconnect: 1, MemoryGuard: 1 - 2, MacroProtect: 1 - 4, MemoryAddress: E611B2 - E61F68 - E61F70 - 8793718 - 8128AC8 - E8C578 - 9D0040 - 9CFC26
03:29:00 [HCDumpListRecv] Count: 113, MaxCount: 568
03:29:00 [HCDumpListRecv] Count: 113, MaxCount: 568
03:29:00 [HCDumpListRecv] Count: 113, MaxCount: 568
03:29:00 [HCDumpListRecv] Count: 113, MaxCount: 568
03:29:00 [HCDumpListRecv] Count: 113, MaxCount: 568
03:29:00 [HCDumpListRecv] Count: 3, MaxCount: 568
03:29:00 [HCChecksumListRecv] Count: 0, MaxCount: 0
03:29:00 [HCInternalListRecv] Count: 15, MaxCount: 15
03:29:00 [HCWindowListRecv] Count: 0, MaxCount: 0
03:29:00 [EntryProc] DumpListMaxCount: 568, ChecksumListMaxCount: 0, InternalListMaxCount: 15, WindowListMaxCount: 0
03:29:02 [EntryProc] Initialization successful
03:30:44 ----------------------------------------------------------------------------------------------------
03:30:44 [CheckSystemInformation] ClientVersion: PREMIUM, SystemVersion: 6.2.9200, MemoryUsage: 10117/32678mb
03:30:44 [SplashScreen] SplashType: 0, TextSwitch: 1, DisplayText: Licensed to: Mu Dynasty
03:30:45 [CHClientInfoSend] IsReconnect: 0, ClientFileCRC: 732D01BC, HackVersion: PREMIUM, HardwareId: 08E3877F-A3CA84B3-C41F8C74-B879E0A3
03:30:45 [HCClientInfoRecv] Result: 0, EncDecKey: 0 - 0, InternalVersion: 0, Reconnect: 1, MemoryGuard: 1 - 2, MacroProtect: 1 - 4, MemoryAddress: E611B2 - E61F68 - E61F70 - 8793718 - 8128AC8 - E8C578 - 9D0040 - 9CFC26
03:30:45 [HCDumpListRecv] Count: 113, MaxCount: 568
03:30:45 [HCDumpListRecv] Count: 113, MaxCount: 568
03:30:45 [HCDumpListRecv] Count: 113, MaxCount: 568
03:30:45 [HCDumpListRecv] Count: 113, MaxCount: 568
03:30:45 [HCDumpListRecv] Count: 113, MaxCount: 568
03:30:45 [HCDumpListRecv] Count: 3, MaxCount: 568
03:30:45 [HCChecksumListRecv] Count: 0, MaxCount: 0
03:30:45 [HCInternalListRecv] Count: 15, MaxCount: 15
03:30:45 [HCWindowListRecv] Count: 0, MaxCount: 0
03:30:45 [EntryProc] DumpListMaxCount: 568, ChecksumListMaxCount: 0, InternalListMaxCount: 15, WindowListMaxCount: 0
03:30:47 [EntryProc] Initialization successful
03:32:41 ----------------------------------------------------------------------------------------------------
03:32:41 [CheckSystemInformation] ClientVersion: PREMIUM, SystemVersion: 6.2.9200, MemoryUsage: 9480/32678mb
03:32:41 [SplashScreen] SplashType: 0, TextSwitch: 1, DisplayText: Licensed to: Mu Dynasty
03:32:41 [CHClientInfoSend] IsReconnect: 0, ClientFileCRC: 732D01BC, HackVersion: PREMIUM, HardwareId: 08E3877F-A3CA84B3-C41F8C74-B879E0A3
03:32:41 [HCClientInfoRecv] Result: 0, EncDecKey: 0 - 0, InternalVersion: 0, Reconnect: 1, MemoryGuard: 1 - 2, MacroProtect: 1 - 4, MemoryAddress: E611B2 - E61F68 - E61F70 - 8793718 - 8128AC8 - E8C578 - 9D0040 - 9CFC26
03:32:41 [HCDumpListRecv] Count: 113, MaxCount: 568
03:32:41 [HCDumpListRecv] Count: 113, MaxCount: 568
03:32:41 [HCDumpListRecv] Count: 113, MaxCount: 568
03:32:41 [HCDumpListRecv] Count: 113, MaxCount: 568
03:32:41 [HCDumpListRecv] Count: 113, MaxCount: 568
03:32:41 [HCDumpListRecv] Count: 3, MaxCount: 568
03:32:41 [HCChecksumListRecv] Count: 0, MaxCount: 0
03:32:41 [HCInternalListRecv] Count: 15, MaxCount: 15
03:32:41 [HCWindowListRecv] Count: 0, MaxCount: 0
03:32:41 [EntryProc] DumpListMaxCount: 568, ChecksumListMaxCount: 0, InternalListMaxCount: 15, WindowListMaxCount: 0
03:32:43 [EntryProc] Initialization successful
03:37:37 ----------------------------------------------------------------------------------------------------
03:37:37 [CheckSystemInformation] ClientVersion: PREMIUM, SystemVersion: 6.2.9200, MemoryUsage: 9926/32678mb
03:37:37 [SplashScreen] SplashType: 0, TextSwitch: 1, DisplayText: Licensed to: Mu Dynasty
03:37:37 [CHClientInfoSend] IsReconnect: 0, ClientFileCRC: 732D01BC, HackVersion: PREMIUM, HardwareId: 08E3877F-A3CA84B3-C41F8C74-B879E0A3
03:37:37 [HCClientInfoRecv] Result: 0, EncDecKey: 0 - 0, InternalVersion: 0, Reconnect: 1, MemoryGuard: 1 - 2, MacroProtect: 1 - 4, MemoryAddress: E611B2 - E61F68 - E61F70 - 8793718 - 8128AC8 - E8C578 - 9D0040 - 9CFC26
03:37:37 [HCDumpListRecv] Count: 113, MaxCount: 568
03:37:37 [HCDumpListRecv] Count: 113, MaxCount: 568
03:37:37 [HCDumpListRecv] Count: 113, MaxCount: 568
03:37:37 [HCDumpListRecv] Count: 113, MaxCount: 568
03:37:37 [HCDumpListRecv] Count: 113, MaxCount: 568
03:37:37 [HCDumpListRecv] Count: 3, MaxCount: 568
03:37:37 [HCChecksumListRecv] Count: 0, MaxCount: 0
03:37:37 [HCInternalListRecv] Count: 15, MaxCount: 15
03:37:37 [HCWindowListRecv] Count: 0, MaxCount: 0
03:37:37 [EntryProc] DumpListMaxCount: 568, ChecksumListMaxCount: 0, InternalListMaxCount: 15, WindowListMaxCount: 0
03:37:40 [EntryProc] Initialization successful
03:40:32 ----------------------------------------------------------------------------------------------------
03:40:32 [CheckSystemInformation] ClientVersion: PREMIUM, SystemVersion: 6.2.9200, MemoryUsage: 9839/32678mb
03:40:32 [SplashScreen] SplashType: 0, TextSwitch: 1, DisplayText: Licensed to: Mu Dynasty
03:40:32 [CHClientInfoSend] IsReconnect: 0, ClientFileCRC: 732D01BC, HackVersion: PREMIUM, HardwareId: 08E3877F-A3CA84B3-C41F8C74-B879E0A3
03:40:32 [HCClientInfoRecv] Result: 0, EncDecKey: 0 - 0, InternalVersion: 0, Reconnect: 1, MemoryGuard: 1 - 2, MacroProtect: 1 - 4, MemoryAddress: E611B2 - E61F68 - E61F70 - 8793718 - 8128AC8 - E8C578 - 9D0040 - 9CFC26
03:40:32 [HCDumpListRecv] Count: 113, MaxCount: 568
03:40:32 [HCDumpListRecv] Count: 113, MaxCount: 568
03:40:32 [HCDumpListRecv] Count: 113, MaxCount: 568
03:40:32 [HCDumpListRecv] Count: 113, MaxCount: 568
03:40:32 [HCDumpListRecv] Count: 113, MaxCount: 568
03:40:32 [HCDumpListRecv] Count: 3, MaxCount: 568
03:40:32 [HCChecksumListRecv] Count: 0, MaxCount: 0
03:40:32 [HCInternalListRecv] Count: 15, MaxCount: 15
03:40:32 [HCWindowListRecv] Count: 0, MaxCount: 0
03:40:33 [EntryProc] DumpListMaxCount: 568, ChecksumListMaxCount: 0, InternalListMaxCount: 15, WindowListMaxCount: 0
03:40:35 [EntryProc] Initialization successful
03:40:45 ----------------------------------------------------------------------------------------------------
03:40:45 [CheckSystemInformation] ClientVersion: PREMIUM, SystemVersion: 6.2.9200, MemoryUsage: 9822/32678mb
03:40:45 [SplashScreen] SplashType: 0, TextSwitch: 1, DisplayText: Licensed to: Mu Dynasty
03:40:46 [CHClientInfoSend] IsReconnect: 0, ClientFileCRC: 732D01BC, HackVersion: PREMIUM, HardwareId: 08E3877F-A3CA84B3-C41F8C74-B879E0A3
03:40:46 [HCClientInfoRecv] Result: 0, EncDecKey: 0 - 0, InternalVersion: 0, Reconnect: 1, MemoryGuard: 1 - 2, MacroProtect: 1 - 4, MemoryAddress: E611B2 - E61F68 - E61F70 - 8793718 - 8128AC8 - E8C578 - 9D0040 - 9CFC26
03:40:46 [HCDumpListRecv] Count: 113, MaxCount: 568
03:40:46 [HCDumpListRecv] Count: 113, MaxCount: 568
03:40:46 [HCDumpListRecv] Count: 113, MaxCount: 568
03:40:46 [HCDumpListRecv] Count: 113, MaxCount: 568
03:40:46 [HCDumpListRecv] Count: 113, MaxCount: 568
03:40:46 [HCDumpListRecv] Count: 3, MaxCount: 568
03:40:46 [HCChecksumListRecv] Count: 0, MaxCount: 0
03:40:46 [HCInternalListRecv] Count: 15, MaxCount: 15
03:40:46 [HCWindowListRecv] Count: 0, MaxCount: 0
03:40:46 [EntryProc] DumpListMaxCount: 568, ChecksumListMaxCount: 0, InternalListMaxCount: 15, WindowListMaxCount: 0
03:40:48 [EntryProc] Initialization successful
03:43:01 ----------------------------------------------------------------------------------------------------
03:43:01 [CheckSystemInformation] ClientVersion: PREMIUM, SystemVersion: 6.2.9200, MemoryUsage: 10254/32678mb
03:43:01 [SplashScreen] SplashType: 0, TextSwitch: 1, DisplayText: Licensed to: Mu Dynasty
03:43:01 [CHClientInfoSend] IsReconnect: 0, ClientFileCRC: 732D01BC, HackVersion: PREMIUM, HardwareId: 08E3877F-A3CA84B3-C41F8C74-B879E0A3
03:43:01 [HCClientInfoRecv] Result: 0, EncDecKey: 0 - 0, InternalVersion: 0, Reconnect: 1, MemoryGuard: 1 - 2, MacroProtect: 1 - 4, MemoryAddress: E611B2 - E61F68 - E61F70 - 8793718 - 8128AC8 - E8C578 - 9D0040 - 9CFC26
03:43:01 [HCDumpListRecv] Count: 113, MaxCount: 568
03:43:01 [HCDumpListRecv] Count: 113, MaxCount: 568
03:43:01 [HCDumpListRecv] Count: 113, MaxCount: 568
03:43:01 [HCDumpListRecv] Count: 113, MaxCount: 568
03:43:01 [HCDumpListRecv] Count: 113, MaxCount: 568
03:43:01 [HCDumpListRecv] Count: 3, MaxCount: 568
03:43:01 [HCChecksumListRecv] Count: 0, MaxCount: 0
03:43:01 [HCInternalListRecv] Count: 15, MaxCount: 15
03:43:01 [HCWindowListRecv] Count: 0, MaxCount: 0
03:43:01 [EntryProc] DumpListMaxCount: 568, ChecksumListMaxCount: 0, InternalListMaxCount: 15, WindowListMaxCount: 0
03:43:03 [EntryProc] Initialization successful
03:44:05 ----------------------------------------------------------------------------------------------------
03:44:05 [CheckSystemInformation] ClientVersion: PREMIUM, SystemVersion: 6.2.9200, MemoryUsage: 10715/32678mb
03:44:05 [SplashScreen] SplashType: 0, TextSwitch: 1, DisplayText: Licensed to: Mu Dynasty
03:44:05 [CHClientInfoSend] IsReconnect: 0, ClientFileCRC: 732D01BC, HackVersion: PREMIUM, HardwareId: 08E3877F-A3CA84B3-C41F8C74-B879E0A3
03:44:05 [HCClientInfoRecv] Result: 0, EncDecKey: 0 - 0, InternalVersion: 0, Reconnect: 1, MemoryGuard: 1 - 2, MacroProtect: 1 - 4, MemoryAddress: E611B2 - E61F68 - E61F70 - 8793718 - 8128AC8 - E8C578 - 9D0040 - 9CFC26
03:44:05 [HCDumpListRecv] Count: 113, MaxCount: 568
03:44:05 [HCDumpListRecv] Count: 113, MaxCount: 568
03:44:05 [HCDumpListRecv] Count: 113, MaxCount: 568
03:44:05 [HCDumpListRecv] Count: 113, MaxCount: 568
03:44:05 [HCDumpListRecv] Count: 113, MaxCount: 568
03:44:05 [HCDumpListRecv] Count: 3, MaxCount: 568
03:44:05 [HCChecksumListRecv] Count: 0, MaxCount: 0
03:44:05 [HCInternalListRecv] Count: 15, MaxCount: 15
03:44:05 [HCWindowListRecv] Count: 0, MaxCount: 0
03:44:06 [EntryProc] DumpListMaxCount: 568, ChecksumListMaxCount: 0, InternalListMaxCount: 15, WindowListMaxCount: 0
03:44:08 [EntryProc] Initialization successful
03:48:51 ----------------------------------------------------------------------------------------------------
03:48:51 [CheckSystemInformation] ClientVersion: PREMIUM, SystemVersion: 6.2.9200, MemoryUsage: 10331/32678mb
03:48:51 [SplashScreen] SplashType: 0, TextSwitch: 1, DisplayText: Licensed to: Mu Dynasty
03:48:51 [CHClientInfoSend] IsReconnect: 0, ClientFileCRC: 732D01BC, HackVersion: PREMIUM, HardwareId: 08E3877F-A3CA84B3-C41F8C74-B879E0A3
03:48:51 [HCClientInfoRecv] Result: 0, EncDecKey: 0 - 0, InternalVersion: 0, Reconnect: 1, MemoryGuard: 1 - 2, MacroProtect: 1 - 4, MemoryAddress: E611B2 - E61F68 - E61F70 - 8793718 - 8128AC8 - E8C578 - 9D0040 - 9CFC26
03:48:51 [HCDumpListRecv] Count: 113, MaxCount: 568
03:48:51 [HCDumpListRecv] Count: 113, MaxCount: 568
03:48:51 [HCDumpListRecv] Count: 113, MaxCount: 568
03:48:51 [HCDumpListRecv] Count: 113, MaxCount: 568
03:48:51 [HCDumpListRecv] Count: 113, MaxCount: 568
03:48:51 [HCDumpListRecv] Count: 3, MaxCount: 568
03:48:51 [HCChecksumListRecv] Count: 0, MaxCount: 0
03:48:51 [HCInternalListRecv] Count: 15, MaxCount: 15
03:48:51 [HCWindowListRecv] Count: 0, MaxCount: 0
03:48:52 [EntryProc] DumpListMaxCount: 568, ChecksumListMaxCount: 0, InternalListMaxCount: 15, WindowListMaxCount: 0
03:48:54 [EntryProc] Initialization successful
03:54:20 ----------------------------------------------------------------------------------------------------
03:54:20 [CheckSystemInformation] ClientVersion: PREMIUM, SystemVersion: 6.2.9200, MemoryUsage: 10699/32678mb
03:54:20 [SplashScreen] SplashType: 0, TextSwitch: 1, DisplayText: Licensed to: Mu Dynasty
03:54:20 [CHClientInfoSend] IsReconnect: 0, ClientFileCRC: 732D01BC, HackVersion: PREMIUM, HardwareId: 08E3877F-A3CA84B3-C41F8C74-B879E0A3
03:54:20 [HCClientInfoRecv] Result: 0, EncDecKey: 0 - 0, InternalVersion: 0, Reconnect: 1, MemoryGuard: 1 - 2, MacroProtect: 1 - 4, MemoryAddress: E611B2 - E61F68 - E61F70 - 8793718 - 8128AC8 - E8C578 - 9D0040 - 9CFC26
03:54:20 [HCDumpListRecv] Count: 113, MaxCount: 568
03:54:20 [HCDumpListRecv] Count: 113, MaxCount: 568
03:54:20 [HCDumpListRecv] Count: 113, MaxCount: 568
03:54:20 [HCDumpListRecv] Count: 113, MaxCount: 568
03:54:20 [HCDumpListRecv] Count: 113, MaxCount: 568
03:54:20 [HCDumpListRecv] Count: 3, MaxCount: 568
03:54:20 [HCChecksumListRecv] Count: 0, MaxCount: 0
03:54:20 [HCInternalListRecv] Count: 15, MaxCount: 15
03:54:20 [HCWindowListRecv] Count: 0, MaxCount: 0
03:54:20 [EntryProc] DumpListMaxCount: 568, ChecksumListMaxCount: 0, InternalListMaxCount: 15, WindowListMaxCount: 0
03:54:22 [EntryProc] Initialization successful
03:58:41 ----------------------------------------------------------------------------------------------------
03:58:41 [CheckSystemInformation] ClientVersion: PREMIUM, SystemVersion: 6.2.9200, MemoryUsage: 10919/32678mb
03:58:41 [SplashScreen] SplashType: 0, TextSwitch: 1, DisplayText: Licensed to: Mu Dynasty
03:58:41 [CHClientInfoSend] IsReconnect: 0, ClientFileCRC: 732D01BC, HackVersion: PREMIUM, HardwareId: 08E3877F-A3CA84B3-C41F8C74-B879E0A3
03:58:41 [HCClientInfoRecv] Result: 0, EncDecKey: 0 - 0, InternalVersion: 0, Reconnect: 1, MemoryGuard: 1 - 2, MacroProtect: 1 - 4, MemoryAddress: E611B2 - E61F68 - E61F70 - 8793718 - 8128AC8 - E8C578 - 9D0040 - 9CFC26
03:58:41 [HCDumpListRecv] Count: 113, MaxCount: 568
03:58:41 [HCDumpListRecv] Count: 113, MaxCount: 568
03:58:41 [HCDumpListRecv] Count: 113, MaxCount: 568
03:58:41 [HCDumpListRecv] Count: 113, MaxCount: 568
03:58:41 [HCDumpListRecv] Count: 113, MaxCount: 568
03:58:41 [HCDumpListRecv] Count: 3, MaxCount: 568
03:58:41 [HCChecksumListRecv] Count: 0, MaxCount: 0
03:58:41 [HCInternalListRecv] Count: 15, MaxCount: 15
03:58:41 [HCWindowListRecv] Count: 0, MaxCount: 0
03:58:41 [EntryProc] DumpListMaxCount: 568, ChecksumListMaxCount: 0, InternalListMaxCount: 15, WindowListMaxCount: 0
03:58:43 [EntryProc] Initialization successful
03:59:36 ----------------------------------------------------------------------------------------------------
03:59:36 [CheckSystemInformation] ClientVersion: PREMIUM, SystemVersion: 6.2.9200, MemoryUsage: 10650/32678mb
03:59:36 [SplashScreen] SplashType: 0, TextSwitch: 1, DisplayText: Licensed to: Mu Dynasty
03:59:36 [CHClientInfoSend] IsReconnect: 0, ClientFileCRC: 732D01BC, HackVersion: PREMIUM, HardwareId: 08E3877F-A3CA84B3-C41F8C74-B879E0A3
03:59:36 [HCClientInfoRecv] Result: 0, EncDecKey: 0 - 0, InternalVersion: 0, Reconnect: 1, MemoryGuard: 1 - 2, MacroProtect: 1 - 4, MemoryAddress: E611B2 - E61F68 - E61F70 - 8793718 - 8128AC8 - E8C578 - 9D0040 - 9CFC26
03:59:36 [HCDumpListRecv] Count: 113, MaxCount: 568
03:59:36 [HCDumpListRecv] Count: 113, MaxCount: 568
03:59:36 [HCDumpListRecv] Count: 113, MaxCount: 568
03:59:36 [HCDumpListRecv] Count: 113, MaxCount: 568
03:59:36 [HCDumpListRecv] Count: 113, MaxCount: 568
03:59:36 [HCDumpListRecv] Count: 3, MaxCount: 568
03:59:36 [HCChecksumListRecv] Count: 0, MaxCount: 0
03:59:36 [HCInternalListRecv] Count: 15, MaxCount: 15
03:59:36 [HCWindowListRecv] Count: 0, MaxCount: 0
03:59:36 [EntryProc] DumpListMaxCount: 568, ChecksumListMaxCount: 0, InternalListMaxCount: 15, WindowListMaxCount: 0
03:59:38 [EntryProc] Initialization successful
04:01:10 ----------------------------------------------------------------------------------------------------
04:01:10 [CheckSystemInformation] ClientVersion: PREMIUM, SystemVersion: 6.2.9200, MemoryUsage: 10465/32678mb
04:01:10 [SplashScreen] SplashType: 0, TextSwitch: 1, DisplayText: Licensed to: Mu Dynasty
04:01:10 [CHClientInfoSend] IsReconnect: 0, ClientFileCRC: 732D01BC, HackVersion: PREMIUM, HardwareId: 08E3877F-A3CA84B3-C41F8C74-B879E0A3
04:01:10 [HCClientInfoRecv] Result: 0, EncDecKey: 0 - 0, InternalVersion: 0, Reconnect: 1, MemoryGuard: 1 - 2, MacroProtect: 1 - 4, MemoryAddress: E611B2 - E61F68 - E61F70 - 8793718 - 8128AC8 - E8C578 - 9D0040 - 9CFC26
04:01:10 [HCDumpListRecv] Count: 113, MaxCount: 568
04:01:10 [HCDumpListRecv] Count: 113, MaxCount: 568
04:01:10 [HCDumpListRecv] Count: 113, MaxCount: 568
04:01:10 [HCDumpListRecv] Count: 113, MaxCount: 568
04:01:10 [HCDumpListRecv] Count: 113, MaxCount: 568
04:01:10 [HCDumpListRecv] Count: 3, MaxCount: 568
04:01:10 [HCChecksumListRecv] Count: 0, MaxCount: 0
04:01:10 [HCInternalListRecv] Count: 15, MaxCount: 15
04:01:10 [HCWindowListRecv] Count: 0, MaxCount: 0
04:01:11 [EntryProc] DumpListMaxCount: 568, ChecksumListMaxCount: 0, InternalListMaxCount: 15, WindowListMaxCount: 0
04:01:13 [EntryProc] Initialization successful
04:02:57 ----------------------------------------------------------------------------------------------------
04:02:57 [CheckSystemInformation] ClientVersion: PREMIUM, SystemVersion: 6.2.9200, MemoryUsage: 10499/32678mb
04:02:57 [SplashScreen] SplashType: 0, TextSwitch: 1, DisplayText: Licensed to: Mu Dynasty
04:02:57 [CHClientInfoSend] IsReconnect: 0, ClientFileCRC: 732D01BC, HackVersion: PREMIUM, HardwareId: 08E3877F-A3CA84B3-C41F8C74-B879E0A3
04:02:57 [HCClientInfoRecv] Result: 0, EncDecKey: 0 - 0, InternalVersion: 0, Reconnect: 1, MemoryGuard: 1 - 2, MacroProtect: 1 - 4, MemoryAddress: E611B2 - E61F68 - E61F70 - 8793718 - 8128AC8 - E8C578 - 9D0040 - 9CFC26
04:02:57 [HCDumpListRecv] Count: 113, MaxCount: 568
04:02:57 [HCDumpListRecv] Count: 113, MaxCount: 568
04:02:57 [HCDumpListRecv] Count: 113, MaxCount: 568
04:02:57 [HCDumpListRecv] Count: 113, MaxCount: 568
04:02:57 [HCDumpListRecv] Count: 113, MaxCount: 568
04:02:57 [HCDumpListRecv] Count: 3, MaxCount: 568
04:02:57 [HCChecksumListRecv] Count: 0, MaxCount: 0
04:02:57 [HCInternalListRecv] Count: 15, MaxCount: 15
04:02:57 [HCWindowListRecv] Count: 0, MaxCount: 0
04:02:58 [EntryProc] DumpListMaxCount: 568, ChecksumListMaxCount: 0, InternalListMaxCount: 15, WindowListMaxCount: 0
04:03:00 [EntryProc] Initialization successful
04:04:19 ----------------------------------------------------------------------------------------------------
04:04:19 [CheckSystemInformation] ClientVersion: PREMIUM, SystemVersion: 6.2.9200, MemoryUsage: 10404/32678mb
04:04:19 [SplashScreen] SplashType: 0, TextSwitch: 1, DisplayText: Licensed to: Mu Dynasty
04:04:19 [CHClientInfoSend] IsReconnect: 0, ClientFileCRC: 732D01BC, HackVersion: PREMIUM, HardwareId: 08E3877F-A3CA84B3-C41F8C74-B879E0A3
04:04:19 [HCClientInfoRecv] Result: 0, EncDecKey: 0 - 0, InternalVersion: 0, Reconnect: 1, MemoryGuard: 1 - 2, MacroProtect: 1 - 4, MemoryAddress: E611B2 - E61F68 - E61F70 - 8793718 - 8128AC8 - E8C578 - 9D0040 - 9CFC26
04:04:19 [HCDumpListRecv] Count: 113, MaxCount: 568
04:04:19 [HCDumpListRecv] Count: 113, MaxCount: 568
04:04:19 [HCDumpListRecv] Count: 113, MaxCount: 568
04:04:19 [HCDumpListRecv] Count: 113, MaxCount: 568
04:04:19 [HCDumpListRecv] Count: 113, MaxCount: 568
04:04:19 [HCDumpListRecv] Count: 3, MaxCount: 568
04:04:19 [HCChecksumListRecv] Count: 0, MaxCount: 0
04:04:19 [HCInternalListRecv] Count: 15, MaxCount: 15
04:04:19 [HCWindowListRecv] Count: 0, MaxCount: 0
04:04:20 [EntryProc] DumpListMaxCount: 568, ChecksumListMaxCount: 0, InternalListMaxCount: 15, WindowListMaxCount: 0
04:04:22 [EntryProc] Initialization successful
04:05:04 ----------------------------------------------------------------------------------------------------
04:05:04 [CheckSystemInformation] ClientVersion: PREMIUM, SystemVersion: 6.2.9200, MemoryUsage: 10418/32678mb
04:05:04 [SplashScreen] SplashType: 0, TextSwitch: 1, DisplayText: Licensed to: Mu Dynasty
04:05:04 [CHClientInfoSend] IsReconnect: 0, ClientFileCRC: 732D01BC, HackVersion: PREMIUM, HardwareId: 08E3877F-A3CA84B3-C41F8C74-B879E0A3
04:05:04 [HCClientInfoRecv] Result: 0, EncDecKey: 0 - 0, InternalVersion: 0, Reconnect: 1, MemoryGuard: 1 - 2, MacroProtect: 1 - 4, MemoryAddress: E611B2 - E61F68 - E61F70 - 8793718 - 8128AC8 - E8C578 - 9D0040 - 9CFC26
04:05:04 [HCDumpListRecv] Count: 113, MaxCount: 568
04:05:04 [HCDumpListRecv] Count: 113, MaxCount: 568
04:05:04 [HCDumpListRecv] Count: 113, MaxCount: 568
04:05:04 [HCDumpListRecv] Count: 113, MaxCount: 568
04:05:04 [HCDumpListRecv] Count: 113, MaxCount: 568
04:05:04 [HCDumpListRecv] Count: 3, MaxCount: 568
04:05:04 [HCChecksumListRecv] Count: 0, MaxCount: 0
04:05:04 [HCInternalListRecv] Count: 15, MaxCount: 15
04:05:04 [HCWindowListRecv] Count: 0, MaxCount: 0
04:05:05 [EntryProc] DumpListMaxCount: 568, ChecksumListMaxCount: 0, InternalListMaxCount: 15, WindowListMaxCount: 0
04:05:07 [EntryProc] Initialization successful
04:08:20 ----------------------------------------------------------------------------------------------------
04:08:20 [CheckSystemInformation] ClientVersion: PREMIUM, SystemVersion: 6.2.9200, MemoryUsage: 10430/32678mb
04:08:20 [SplashScreen] SplashType: 0, TextSwitch: 1, DisplayText: Licensed to: Mu Dynasty
04:08:20 [CHClientInfoSend] IsReconnect: 0, ClientFileCRC: 732D01BC, HackVersion: PREMIUM, HardwareId: 08E3877F-A3CA84B3-C41F8C74-B879E0A3
04:08:20 [HCClientInfoRecv] Result: 0, EncDecKey: 0 - 0, InternalVersion: 0, Reconnect: 1, MemoryGuard: 1 - 2, MacroProtect: 1 - 4, MemoryAddress: E611B2 - E61F68 - E61F70 - 8793718 - 8128AC8 - E8C578 - 9D0040 - 9CFC26
04:08:20 [HCDumpListRecv] Count: 113, MaxCount: 568
04:08:20 [HCDumpListRecv] Count: 113, MaxCount: 568
04:08:20 [HCDumpListRecv] Count: 113, MaxCount: 568
04:08:20 [HCDumpListRecv] Count: 113, MaxCount: 568
04:08:20 [HCDumpListRecv] Count: 113, MaxCount: 568
04:08:20 [HCDumpListRecv] Count: 3, MaxCount: 568
04:08:20 [HCChecksumListRecv] Count: 0, MaxCount: 0
04:08:20 [HCInternalListRecv] Count: 15, MaxCount: 15
04:08:20 [HCWindowListRecv] Count: 0, MaxCount: 0
04:08:20 [EntryProc] DumpListMaxCount: 568, ChecksumListMaxCount: 0, InternalListMaxCount: 15, WindowListMaxCount: 0
04:08:22 [EntryProc] Initialization successful
04:16:28 ----------------------------------------------------------------------------------------------------
04:16:28 [CheckSystemInformation] ClientVersion: PREMIUM, SystemVersion: 6.2.9200, MemoryUsage: 9806/32678mb
04:16:28 [SplashScreen] SplashType: 0, TextSwitch: 1, DisplayText: Licensed to: Mu Dynasty
04:16:28 [CHClientInfoSend] IsReconnect: 0, ClientFileCRC: 732D01BC, HackVersion: PREMIUM, HardwareId: 08E3877F-A3CA84B3-C41F8C74-B879E0A3
04:16:28 [HCClientInfoRecv] Result: 0, EncDecKey: 0 - 0, InternalVersion: 0, Reconnect: 1, MemoryGuard: 1 - 2, MacroProtect: 1 - 4, MemoryAddress: E611B2 - E61F68 - E61F70 - 8793718 - 8128AC8 - E8C578 - 9D0040 - 9CFC26
04:16:28 [HCDumpListRecv] Count: 113, MaxCount: 568
04:16:28 [HCDumpListRecv] Count: 113, MaxCount: 568
04:16:28 [HCDumpListRecv] Count: 113, MaxCount: 568
04:16:28 [HCDumpListRecv] Count: 113, MaxCount: 568
04:16:28 [HCDumpListRecv] Count: 113, MaxCount: 568
04:16:28 [HCDumpListRecv] Count: 3, MaxCount: 568
04:16:28 [HCChecksumListRecv] Count: 0, MaxCount: 0
04:16:28 [HCInternalListRecv] Count: 15, MaxCount: 15
04:16:28 [HCWindowListRecv] Count: 0, MaxCount: 0
04:16:29 [EntryProc] DumpListMaxCount: 568, ChecksumListMaxCount: 0, InternalListMaxCount: 15, WindowListMaxCount: 0
04:16:31 [EntryProc] Initialization successful
04:30:23 ----------------------------------------------------------------------------------------------------
04:30:23 [CheckSystemInformation] ClientVersion: PREMIUM, SystemVersion: 6.2.9200, MemoryUsage: 12453/32678mb
04:30:23 [SplashScreen] SplashType: 0, TextSwitch: 1, DisplayText: Licensed to: Mu Dynasty
04:30:23 [CHClientInfoSend] IsReconnect: 0, ClientFileCRC: 732D01BC, HackVersion: PREMIUM, HardwareId: 08E3877F-A3CA84B3-C41F8C74-B879E0A3
04:30:23 [HCClientInfoRecv] Result: 0, EncDecKey: 0 - 0, InternalVersion: 0, Reconnect: 1, MemoryGuard: 1 - 2, MacroProtect: 1 - 4, MemoryAddress: E611B2 - E61F68 - E61F70 - 8793718 - 8128AC8 - E8C578 - 9D0040 - 9CFC26
04:30:23 [HCDumpListRecv] Count: 113, MaxCount: 568
04:30:23 [HCDumpListRecv] Count: 113, MaxCount: 568
04:30:23 [HCDumpListRecv] Count: 113, MaxCount: 568
04:30:23 [HCDumpListRecv] Count: 113, MaxCount: 568
04:30:23 [HCDumpListRecv] Count: 113, MaxCount: 568
04:30:23 [HCDumpListRecv] Count: 3, MaxCount: 568
04:30:23 [HCChecksumListRecv] Count: 0, MaxCount: 0
04:30:23 [HCInternalListRecv] Count: 15, MaxCount: 15
04:30:23 [HCWindowListRecv] Count: 0, MaxCount: 0
04:30:24 [EntryProc] DumpListMaxCount: 568, ChecksumListMaxCount: 0, InternalListMaxCount: 15, WindowListMaxCount: 0
04:30:26 [EntryProc] Initialization successful
04:31:15 ----------------------------------------------------------------------------------------------------
04:31:15 [CheckSystemInformation] ClientVersion: PREMIUM, SystemVersion: 6.2.9200, MemoryUsage: 12426/32678mb
04:31:15 [SplashScreen] SplashType: 0, TextSwitch: 1, DisplayText: Licensed to: Mu Dynasty
04:31:15 [CHClientInfoSend] IsReconnect: 0, ClientFileCRC: 732D01BC, HackVersion: PREMIUM, HardwareId: 08E3877F-A3CA84B3-C41F8C74-B879E0A3
04:31:15 [HCClientInfoRecv] Result: 0, EncDecKey: 0 - 0, InternalVersion: 0, Reconnect: 1, MemoryGuard: 1 - 2, MacroProtect: 1 - 4, MemoryAddress: E611B2 - E61F68 - E61F70 - 8793718 - 8128AC8 - E8C578 - 9D0040 - 9CFC26
04:31:15 [HCDumpListRecv] Count: 113, MaxCount: 568
04:31:15 [HCDumpListRecv] Count: 113, MaxCount: 568
04:31:15 [HCDumpListRecv] Count: 113, MaxCount: 568
04:31:15 [HCDumpListRecv] Count: 113, MaxCount: 568
04:31:15 [HCDumpListRecv] Count: 113, MaxCount: 568
04:31:15 [HCDumpListRecv] Count: 3, MaxCount: 568
04:31:15 [HCChecksumListRecv] Count: 0, MaxCount: 0
04:31:15 [HCInternalListRecv] Count: 15, MaxCount: 15
04:31:15 [HCWindowListRecv] Count: 0, MaxCount: 0
04:31:16 [EntryProc] DumpListMaxCount: 568, ChecksumListMaxCount: 0, InternalListMaxCount: 15, WindowListMaxCount: 0
04:31:18 [EntryProc] Initialization successful
04:47:38 ----------------------------------------------------------------------------------------------------
04:47:38 [CheckSystemInformation] ClientVersion: PREMIUM, SystemVersion: 6.2.9200, MemoryUsage: 12795/32678mb
04:47:38 [SplashScreen] SplashType: 0, TextSwitch: 1, DisplayText: Licensed to: Mu Dynasty
04:47:38 [CHClientInfoSend] IsReconnect: 0, ClientFileCRC: 732D01BC, HackVersion: PREMIUM, HardwareId: 08E3877F-A3CA84B3-C41F8C74-B879E0A3
04:47:38 [HCClientInfoRecv] Result: 0, EncDecKey: 0 - 0, InternalVersion: 0, Reconnect: 1, MemoryGuard: 1 - 2, MacroProtect: 1 - 4, MemoryAddress: E611B2 - E61F68 - E61F70 - 8793718 - 8128AC8 - E8C578 - 9D0040 - 9CFC26
04:47:38 [HCDumpListRecv] Count: 113, MaxCount: 568
04:47:38 [HCDumpListRecv] Count: 113, MaxCount: 568
04:47:38 [HCDumpListRecv] Count: 113, MaxCount: 568
04:47:38 [HCDumpListRecv] Count: 113, MaxCount: 568
04:47:38 [HCDumpListRecv] Count: 113, MaxCount: 568
04:47:38 [HCDumpListRecv] Count: 3, MaxCount: 568
04:47:38 [HCChecksumListRecv] Count: 0, MaxCount: 0
04:47:38 [HCInternalListRecv] Count: 15, MaxCount: 15
04:47:38 [HCWindowListRecv] Count: 0, MaxCount: 0
04:47:38 [EntryProc] DumpListMaxCount: 568, ChecksumListMaxCount: 0, InternalListMaxCount: 15, WindowListMaxCount: 0
04:47:40 [EntryProc] Initialization successful
04:54:32 ----------------------------------------------------------------------------------------------------
04:54:32 [CheckSystemInformation] ClientVersion: PREMIUM, SystemVersion: 6.2.9200, MemoryUsage: 13067/32678mb
04:54:32 [SplashScreen] SplashType: 0, TextSwitch: 1, DisplayText: Licensed to: Mu Dynasty
04:54:32 [CHClientInfoSend] IsReconnect: 0, ClientFileCRC: 732D01BC, HackVersion: PREMIUM, HardwareId: 08E3877F-A3CA84B3-C41F8C74-B879E0A3
04:54:32 [HCClientInfoRecv] Result: 0, EncDecKey: 0 - 0, InternalVersion: 0, Reconnect: 1, MemoryGuard: 1 - 2, MacroProtect: 1 - 4, MemoryAddress: E611B2 - E61F68 - E61F70 - 8793718 - 8128AC8 - E8C578 - 9D0040 - 9CFC26
04:54:32 [HCDumpListRecv] Count: 113, MaxCount: 568
04:54:32 [HCDumpListRecv] Count: 113, MaxCount: 568
04:54:32 [HCDumpListRecv] Count: 113, MaxCount: 568
04:54:32 [HCDumpListRecv] Count: 113, MaxCount: 568
04:54:32 [HCDumpListRecv] Count: 113, MaxCount: 568
04:54:32 [HCDumpListRecv] Count: 3, MaxCount: 568
04:54:32 [HCChecksumListRecv] Count: 0, MaxCount: 0
04:54:32 [HCInternalListRecv] Count: 15, MaxCount: 15
04:54:32 [HCWindowListRecv] Count: 0, MaxCount: 0
04:54:33 [EntryProc] DumpListMaxCount: 568, ChecksumListMaxCount: 0, InternalListMaxCount: 15, WindowListMaxCount: 0
04:54:35 [EntryProc] Initialization successful
04:55:22 ----------------------------------------------------------------------------------------------------
04:55:22 [CheckSystemInformation] ClientVersion: PREMIUM, SystemVersion: 6.2.9200, MemoryUsage: 12900/32678mb
04:55:22 [SplashScreen] SplashType: 0, TextSwitch: 1, DisplayText: Licensed to: Mu Dynasty
04:55:22 [CHClientInfoSend] IsReconnect: 0, ClientFileCRC: 732D01BC, HackVersion: PREMIUM, HardwareId: 08E3877F-A3CA84B3-C41F8C74-B879E0A3
04:55:22 [HCClientInfoRecv] Result: 0, EncDecKey: 0 - 0, InternalVersion: 0, Reconnect: 1, MemoryGuard: 1 - 2, MacroProtect: 1 - 4, MemoryAddress: E611B2 - E61F68 - E61F70 - 8793718 - 8128AC8 - E8C578 - 9D0040 - 9CFC26
04:55:22 [HCDumpListRecv] Count: 113, MaxCount: 568
04:55:22 [HCDumpListRecv] Count: 113, MaxCount: 568
04:55:22 [HCDumpListRecv] Count: 113, MaxCount: 568
04:55:22 [HCDumpListRecv] Count: 113, MaxCount: 568
04:55:22 [HCDumpListRecv] Count: 113, MaxCount: 568
04:55:22 [HCDumpListRecv] Count: 3, MaxCount: 568
04:55:22 [HCChecksumListRecv] Count: 0, MaxCount: 0
04:55:22 [HCInternalListRecv] Count: 15, MaxCount: 15
04:55:22 [HCWindowListRecv] Count: 0, MaxCount: 0
04:55:23 [EntryProc] DumpListMaxCount: 568, ChecksumListMaxCount: 0, InternalListMaxCount: 15, WindowListMaxCount: 0
04:55:25 [EntryProc] Initialization successful
04:58:12 ----------------------------------------------------------------------------------------------------
04:58:12 [CheckSystemInformation] ClientVersion: PREMIUM, SystemVersion: 6.2.9200, MemoryUsage: 13076/32678mb
04:58:12 [SplashScreen] SplashType: 0, TextSwitch: 1, DisplayText: Licensed to: Mu Dynasty
04:58:12 [CHClientInfoSend] IsReconnect: 0, ClientFileCRC: 732D01BC, HackVersion: PREMIUM, HardwareId: 08E3877F-A3CA84B3-C41F8C74-B879E0A3
04:58:12 [HCClientInfoRecv] Result: 0, EncDecKey: 0 - 0, InternalVersion: 0, Reconnect: 1, MemoryGuard: 1 - 2, MacroProtect: 1 - 4, MemoryAddress: E611B2 - E61F68 - E61F70 - 8793718 - 8128AC8 - E8C578 - 9D0040 - 9CFC26
04:58:12 [HCDumpListRecv] Count: 113, MaxCount: 568
04:58:12 [HCDumpListRecv] Count: 113, MaxCount: 568
04:58:12 [HCDumpListRecv] Count: 113, MaxCount: 568
04:58:12 [HCDumpListRecv] Count: 113, MaxCount: 568
04:58:12 [HCDumpListRecv] Count: 113, MaxCount: 568
04:58:12 [HCDumpListRecv] Count: 3, MaxCount: 568
04:58:12 [HCChecksumListRecv] Count: 0, MaxCount: 0
04:58:12 [HCInternalListRecv] Count: 15, MaxCount: 15
04:58:12 [HCWindowListRecv] Count: 0, MaxCount: 0
04:58:12 [EntryProc] DumpListMaxCount: 568, ChecksumListMaxCount: 0, InternalListMaxCount: 15, WindowListMaxCount: 0
04:58:15 [EntryProc] Initialization successful
05:20:53 ----------------------------------------------------------------------------------------------------
05:20:53 [CheckSystemInformation] ClientVersion: PREMIUM, SystemVersion: 6.2.9200, MemoryUsage: 12390/32678mb
05:20:53 [SplashScreen] SplashType: 0, TextSwitch: 1, DisplayText: Licensed to: Mu Dynasty
05:20:53 [CHClientInfoSend] IsReconnect: 0, ClientFileCRC: 732D01BC, HackVersion: PREMIUM, HardwareId: 08E3877F-A3CA84B3-C41F8C74-B879E0A3
05:20:53 [HCClientInfoRecv] Result: 0, EncDecKey: 0 - 0, InternalVersion: 0, Reconnect: 1, MemoryGuard: 1 - 2, MacroProtect: 1 - 4, MemoryAddress: E611B2 - E61F68 - E61F70 - 8793718 - 8128AC8 - E8C578 - 9D0040 - 9CFC26
05:20:53 [HCDumpListRecv] Count: 113, MaxCount: 568
05:20:53 [HCDumpListRecv] Count: 113, MaxCount: 568
05:20:53 [HCDumpListRecv] Count: 113, MaxCount: 568
05:20:53 [HCDumpListRecv] Count: 113, MaxCount: 568
05:20:53 [HCDumpListRecv] Count: 113, MaxCount: 568
05:20:53 [HCDumpListRecv] Count: 3, MaxCount: 568
05:20:53 [HCChecksumListRecv] Count: 0, MaxCount: 0
05:20:53 [HCInternalListRecv] Count: 15, MaxCount: 15
05:20:53 [HCWindowListRecv] Count: 0, MaxCount: 0
05:20:53 [EntryProc] DumpListMaxCount: 568, ChecksumListMaxCount: 0, InternalListMaxCount: 15, WindowListMaxCount: 0
05:20:55 [EntryProc] Initialization successful
05:21:23 ----------------------------------------------------------------------------------------------------
05:21:23 [CheckSystemInformation] ClientVersion: PREMIUM, SystemVersion: 6.2.9200, MemoryUsage: 12305/32678mb
05:21:23 [SplashScreen] SplashType: 0, TextSwitch: 1, DisplayText: Licensed to: Mu Dynasty
05:21:24 [CHClientInfoSend] IsReconnect: 0, ClientFileCRC: 732D01BC, HackVersion: PREMIUM, HardwareId: 08E3877F-A3CA84B3-C41F8C74-B879E0A3
05:21:24 [HCClientInfoRecv] Result: 0, EncDecKey: 0 - 0, InternalVersion: 0, Reconnect: 1, MemoryGuard: 1 - 2, MacroProtect: 1 - 4, MemoryAddress: E611B2 - E61F68 - E61F70 - 8793718 - 8128AC8 - E8C578 - 9D0040 - 9CFC26
05:21:24 [HCDumpListRecv] Count: 113, MaxCount: 568
05:21:24 [HCDumpListRecv] Count: 113, MaxCount: 568
05:21:24 [HCDumpListRecv] Count: 113, MaxCount: 568
05:21:24 [HCDumpListRecv] Count: 113, MaxCount: 568
05:21:24 [HCDumpListRecv] Count: 113, MaxCount: 568
05:21:24 [HCDumpListRecv] Count: 3, MaxCount: 568
05:21:24 [HCChecksumListRecv] Count: 0, MaxCount: 0
05:21:24 [HCInternalListRecv] Count: 15, MaxCount: 15
05:21:24 [HCWindowListRecv] Count: 0, MaxCount: 0
05:21:24 [EntryProc] DumpListMaxCount: 568, ChecksumListMaxCount: 0, InternalListMaxCount: 15, WindowListMaxCount: 0
05:21:26 [EntryProc] Initialization successful
05:22:15 ----------------------------------------------------------------------------------------------------
05:22:15 [CheckSystemInformation] ClientVersion: PREMIUM, SystemVersion: 6.2.9200, MemoryUsage: 12404/32678mb
05:22:15 [SplashScreen] SplashType: 0, TextSwitch: 1, DisplayText: Licensed to: Mu Dynasty
05:22:15 [CHClientInfoSend] IsReconnect: 0, ClientFileCRC: 732D01BC, HackVersion: PREMIUM, HardwareId: 08E3877F-A3CA84B3-C41F8C74-B879E0A3
05:22:15 [HCClientInfoRecv] Result: 0, EncDecKey: 0 - 0, InternalVersion: 0, Reconnect: 1, MemoryGuard: 1 - 2, MacroProtect: 1 - 4, MemoryAddress: E611B2 - E61F68 - E61F70 - 8793718 - 8128AC8 - E8C578 - 9D0040 - 9CFC26
05:22:15 [HCDumpListRecv] Count: 113, MaxCount: 568
05:22:15 [HCDumpListRecv] Count: 113, MaxCount: 568
05:22:15 [HCDumpListRecv] Count: 113, MaxCount: 568
05:22:15 [HCDumpListRecv] Count: 113, MaxCount: 568
05:22:15 [HCDumpListRecv] Count: 113, MaxCount: 568
05:22:15 [HCDumpListRecv] Count: 3, MaxCount: 568
05:22:15 [HCChecksumListRecv] Count: 0, MaxCount: 0
05:22:15 [HCInternalListRecv] Count: 15, MaxCount: 15
05:22:15 [HCWindowListRecv] Count: 0, MaxCount: 0
05:22:15 [EntryProc] DumpListMaxCount: 568, ChecksumListMaxCount: 0, InternalListMaxCount: 15, WindowListMaxCount: 0
05:22:17 [EntryProc] Initialization successful
05:22:36 ----------------------------------------------------------------------------------------------------
05:22:36 [CheckSystemInformation] ClientVersion: PREMIUM, SystemVersion: 6.2.9200, MemoryUsage: 12426/32678mb
05:22:36 [SplashScreen] SplashType: 0, TextSwitch: 1, DisplayText: Licensed to: Mu Dynasty
05:22:36 [CHClientInfoSend] IsReconnect: 0, ClientFileCRC: 732D01BC, HackVersion: PREMIUM, HardwareId: 08E3877F-A3CA84B3-C41F8C74-B879E0A3
05:22:36 [HCClientInfoRecv] Result: 0, EncDecKey: 0 - 0, InternalVersion: 0, Reconnect: 1, MemoryGuard: 1 - 2, MacroProtect: 1 - 4, MemoryAddress: E611B2 - E61F68 - E61F70 - 8793718 - 8128AC8 - E8C578 - 9D0040 - 9CFC26
05:22:36 [HCDumpListRecv] Count: 113, MaxCount: 568
05:22:36 [HCDumpListRecv] Count: 113, MaxCount: 568
05:22:36 [HCDumpListRecv] Count: 113, MaxCount: 568
05:22:36 [HCDumpListRecv] Count: 113, MaxCount: 568
05:22:36 [HCDumpListRecv] Count: 113, MaxCount: 568
05:22:36 [HCDumpListRecv] Count: 3, MaxCount: 568
05:22:36 [HCChecksumListRecv] Count: 0, MaxCount: 0
05:22:36 [HCInternalListRecv] Count: 15, MaxCount: 15
05:22:36 [HCWindowListRecv] Count: 0, MaxCount: 0
05:22:36 [EntryProc] DumpListMaxCount: 568, ChecksumListMaxCount: 0, InternalListMaxCount: 15, WindowListMaxCount: 0
05:22:38 [EntryProc] Initialization successful
05:22:48 ----------------------------------------------------------------------------------------------------
05:22:48 [CheckSystemInformation] ClientVersion: PREMIUM, SystemVersion: 6.2.9200, MemoryUsage: 12461/32678mb
05:22:48 [SplashScreen] SplashType: 0, TextSwitch: 1, DisplayText: Licensed to: Mu Dynasty
05:22:48 [CHClientInfoSend] IsReconnect: 0, ClientFileCRC: 732D01BC, HackVersion: PREMIUM, HardwareId: 08E3877F-A3CA84B3-C41F8C74-B879E0A3
05:22:48 [HCClientInfoRecv] Result: 0, EncDecKey: 0 - 0, InternalVersion: 0, Reconnect: 1, MemoryGuard: 1 - 2, MacroProtect: 1 - 4, MemoryAddress: E611B2 - E61F68 - E61F70 - 8793718 - 8128AC8 - E8C578 - 9D0040 - 9CFC26
05:22:48 [HCDumpListRecv] Count: 113, MaxCount: 568
05:22:48 [HCDumpListRecv] Count: 113, MaxCount: 568
05:22:48 [HCDumpListRecv] Count: 113, MaxCount: 568
05:22:48 [HCDumpListRecv] Count: 113, MaxCount: 568
05:22:48 [HCDumpListRecv] Count: 113, MaxCount: 568
05:22:48 [HCDumpListRecv] Count: 3, MaxCount: 568
05:22:48 [HCChecksumListRecv] Count: 0, MaxCount: 0
05:22:48 [HCInternalListRecv] Count: 15, MaxCount: 15
05:22:48 [HCWindowListRecv] Count: 0, MaxCount: 0
05:22:48 [EntryProc] DumpListMaxCount: 568, ChecksumListMaxCount: 0, InternalListMaxCount: 15, WindowListMaxCount: 0
05:22:50 [EntryProc] Initialization successful
05:23:11 ----------------------------------------------------------------------------------------------------
05:23:11 [CheckSystemInformation] ClientVersion: PREMIUM, SystemVersion: 6.2.9200, MemoryUsage: 12445/32678mb
05:23:12 [SplashScreen] SplashType: 0, TextSwitch: 1, DisplayText: Licensed to: Mu Dynasty
05:23:12 [CHClientInfoSend] IsReconnect: 0, ClientFileCRC: 732D01BC, HackVersion: PREMIUM, HardwareId: 08E3877F-A3CA84B3-C41F8C74-B879E0A3
05:23:12 [HCClientInfoRecv] Result: 0, EncDecKey: 0 - 0, InternalVersion: 0, Reconnect: 1, MemoryGuard: 1 - 2, MacroProtect: 1 - 4, MemoryAddress: E611B2 - E61F68 - E61F70 - 8793718 - 8128AC8 - E8C578 - 9D0040 - 9CFC26
05:23:12 [HCDumpListRecv] Count: 113, MaxCount: 568
05:23:12 [HCDumpListRecv] Count: 113, MaxCount: 568
05:23:12 [HCDumpListRecv] Count: 113, MaxCount: 568
05:23:12 [HCDumpListRecv] Count: 113, MaxCount: 568
05:23:12 [HCDumpListRecv] Count: 113, MaxCount: 568
05:23:12 [HCDumpListRecv] Count: 3, MaxCount: 568
05:23:12 [HCChecksumListRecv] Count: 0, MaxCount: 0
05:23:12 [HCInternalListRecv] Count: 15, MaxCount: 15
05:23:12 [HCWindowListRecv] Count: 0, MaxCount: 0
05:23:12 [EntryProc] DumpListMaxCount: 568, ChecksumListMaxCount: 0, InternalListMaxCount: 15, WindowListMaxCount: 0
05:23:14 [EntryProc] Initialization successful
05:23:42 ----------------------------------------------------------------------------------------------------
05:23:42 [CheckSystemInformation] ClientVersion: PREMIUM, SystemVersion: 6.2.9200, MemoryUsage: 12488/32678mb
05:23:42 [SplashScreen] SplashType: 0, TextSwitch: 1, DisplayText: Licensed to: Mu Dynasty
05:23:42 [CHClientInfoSend] IsReconnect: 0, ClientFileCRC: 732D01BC, HackVersion: PREMIUM, HardwareId: 08E3877F-A3CA84B3-C41F8C74-B879E0A3
05:23:42 [HCClientInfoRecv] Result: 0, EncDecKey: 0 - 0, InternalVersion: 0, Reconnect: 1, MemoryGuard: 1 - 2, MacroProtect: 1 - 4, MemoryAddress: E611B2 - E61F68 - E61F70 - 8793718 - 8128AC8 - E8C578 - 9D0040 - 9CFC26
05:23:42 [HCDumpListRecv] Count: 113, MaxCount: 568
05:23:42 [HCDumpListRecv] Count: 113, MaxCount: 568
05:23:42 [HCDumpListRecv] Count: 113, MaxCount: 568
05:23:42 [HCDumpListRecv] Count: 113, MaxCount: 568
05:23:42 [HCDumpListRecv] Count: 113, MaxCount: 568
05:23:42 [HCDumpListRecv] Count: 3, MaxCount: 568
05:23:42 [HCChecksumListRecv] Count: 0, MaxCount: 0
05:23:42 [HCInternalListRecv] Count: 15, MaxCount: 15
05:23:42 [HCWindowListRecv] Count: 0, MaxCount: 0
05:23:42 [EntryProc] DumpListMaxCount: 568, ChecksumListMaxCount: 0, InternalListMaxCount: 15, WindowListMaxCount: 0
05:23:44 [EntryProc] Initialization successful
05:24:26 ----------------------------------------------------------------------------------------------------
05:24:26 [CheckSystemInformation] ClientVersion: PREMIUM, SystemVersion: 6.2.9200, MemoryUsage: 10567/32678mb
05:24:26 [SplashScreen] SplashType: 0, TextSwitch: 1, DisplayText: Licensed to: Mu Dynasty
05:24:26 [CHClientInfoSend] IsReconnect: 0, ClientFileCRC: 732D01BC, HackVersion: PREMIUM, HardwareId: 08E3877F-A3CA84B3-C41F8C74-B879E0A3
05:24:26 [HCClientInfoRecv] Result: 0, EncDecKey: 0 - 0, InternalVersion: 0, Reconnect: 1, MemoryGuard: 1 - 2, MacroProtect: 1 - 4, MemoryAddress: E611B2 - E61F68 - E61F70 - 8793718 - 8128AC8 - E8C578 - 9D0040 - 9CFC26
05:24:26 [HCDumpListRecv] Count: 113, MaxCount: 568
05:24:26 [HCDumpListRecv] Count: 113, MaxCount: 568
05:24:26 [HCDumpListRecv] Count: 113, MaxCount: 568
05:24:26 [HCDumpListRecv] Count: 113, MaxCount: 568
05:24:26 [HCDumpListRecv] Count: 113, MaxCount: 568
05:24:26 [HCDumpListRecv] Count: 3, MaxCount: 568
05:24:26 [HCChecksumListRecv] Count: 0, MaxCount: 0
05:24:26 [HCInternalListRecv] Count: 15, MaxCount: 15
05:24:26 [HCWindowListRecv] Count: 0, MaxCount: 0
05:24:26 [EntryProc] DumpListMaxCount: 568, ChecksumListMaxCount: 0, InternalListMaxCount: 15, WindowListMaxCount: 0
05:24:28 [EntryProc] Initialization successful
05:25:08 ----------------------------------------------------------------------------------------------------
05:25:08 [CheckSystemInformation] ClientVersion: PREMIUM, SystemVersion: 6.2.9200, MemoryUsage: 10505/32678mb
05:25:08 [SplashScreen] SplashType: 0, TextSwitch: 1, DisplayText: Licensed to: Mu Dynasty
05:25:08 [CHClientInfoSend] IsReconnect: 0, ClientFileCRC: 732D01BC, HackVersion: PREMIUM, HardwareId: 08E3877F-A3CA84B3-C41F8C74-B879E0A3
05:25:08 [HCClientInfoRecv] Result: 0, EncDecKey: 0 - 0, InternalVersion: 0, Reconnect: 1, MemoryGuard: 1 - 2, MacroProtect: 1 - 4, MemoryAddress: E611B2 - E61F68 - E61F70 - 8793718 - 8128AC8 - E8C578 - 9D0040 - 9CFC26
05:25:08 [HCDumpListRecv] Count: 113, MaxCount: 568
05:25:08 [HCDumpListRecv] Count: 113, MaxCount: 568
05:25:08 [HCDumpListRecv] Count: 113, MaxCount: 568
05:25:08 [HCDumpListRecv] Count: 113, MaxCount: 568
05:25:08 [HCDumpListRecv] Count: 113, MaxCount: 568
05:25:08 [HCDumpListRecv] Count: 3, MaxCount: 568
05:25:08 [HCChecksumListRecv] Count: 0, MaxCount: 0
05:25:08 [HCInternalListRecv] Count: 15, MaxCount: 15
05:25:08 [HCWindowListRecv] Count: 0, MaxCount: 0
05:25:09 [EntryProc] DumpListMaxCount: 568, ChecksumListMaxCount: 0, InternalListMaxCount: 15, WindowListMaxCount: 0
05:25:11 [EntryProc] Initialization successful
05:26:18 ----------------------------------------------------------------------------------------------------
05:26:18 [CheckSystemInformation] ClientVersion: PREMIUM, SystemVersion: 6.2.9200, MemoryUsage: 10517/32678mb
05:26:18 [SplashScreen] SplashType: 0, TextSwitch: 1, DisplayText: Licensed to: Mu Dynasty
05:26:18 [CHClientInfoSend] IsReconnect: 0, ClientFileCRC: 732D01BC, HackVersion: PREMIUM, HardwareId: 08E3877F-A3CA84B3-C41F8C74-B879E0A3
05:26:18 [HCClientInfoRecv] Result: 0, EncDecKey: 0 - 0, InternalVersion: 0, Reconnect: 1, MemoryGuard: 1 - 2, MacroProtect: 1 - 4, MemoryAddress: E611B2 - E61F68 - E61F70 - 8793718 - 8128AC8 - E8C578 - 9D0040 - 9CFC26
05:26:18 [HCDumpListRecv] Count: 113, MaxCount: 568
05:26:18 [HCDumpListRecv] Count: 113, MaxCount: 568
05:26:18 [HCDumpListRecv] Count: 113, MaxCount: 568
05:26:18 [HCDumpListRecv] Count: 113, MaxCount: 568
05:26:18 [HCDumpListRecv] Count: 113, MaxCount: 568
05:26:18 [HCDumpListRecv] Count: 3, MaxCount: 568
05:26:18 [HCChecksumListRecv] Count: 0, MaxCount: 0
05:26:18 [HCInternalListRecv] Count: 15, MaxCount: 15
05:26:18 [HCWindowListRecv] Count: 0, MaxCount: 0
05:26:19 [EntryProc] DumpListMaxCount: 568, ChecksumListMaxCount: 0, InternalListMaxCount: 15, WindowListMaxCount: 0
05:26:21 [EntryProc] Initialization successful
05:27:00 ----------------------------------------------------------------------------------------------------
05:27:00 [CheckSystemInformation] ClientVersion: PREMIUM, SystemVersion: 6.2.9200, MemoryUsage: 10561/32678mb
05:27:00 [SplashScreen] SplashType: 0, TextSwitch: 1, DisplayText: Licensed to: Mu Dynasty
05:27:00 [CHClientInfoSend] IsReconnect: 0, ClientFileCRC: 732D01BC, HackVersion: PREMIUM, HardwareId: 08E3877F-A3CA84B3-C41F8C74-B879E0A3
05:27:00 [HCClientInfoRecv] Result: 0, EncDecKey: 0 - 0, InternalVersion: 0, Reconnect: 1, MemoryGuard: 1 - 2, MacroProtect: 1 - 4, MemoryAddress: E611B2 - E61F68 - E61F70 - 8793718 - 8128AC8 - E8C578 - 9D0040 - 9CFC26
05:27:00 [HCDumpListRecv] Count: 113, MaxCount: 568
05:27:00 [HCDumpListRecv] Count: 113, MaxCount: 568
05:27:00 [HCDumpListRecv] Count: 113, MaxCount: 568
05:27:00 [HCDumpListRecv] Count: 113, MaxCount: 568
05:27:00 [HCDumpListRecv] Count: 113, MaxCount: 568
05:27:00 [HCDumpListRecv] Count: 3, MaxCount: 568
05:27:00 [HCChecksumListRecv] Count: 0, MaxCount: 0
05:27:00 [HCInternalListRecv] Count: 15, MaxCount: 15
05:27:00 [HCWindowListRecv] Count: 0, MaxCount: 0
05:27:00 [EntryProc] DumpListMaxCount: 568, ChecksumListMaxCount: 0, InternalListMaxCount: 15, WindowListMaxCount: 0
05:27:02 [EntryProc] Initialization successful
05:27:29 ----------------------------------------------------------------------------------------------------
05:27:29 [CheckSystemInformation] ClientVersion: PREMIUM, SystemVersion: 6.2.9200, MemoryUsage: 10411/32678mb
05:27:29 [SplashScreen] SplashType: 0, TextSwitch: 1, DisplayText: Licensed to: Mu Dynasty
05:27:29 [CHClientInfoSend] IsReconnect: 0, ClientFileCRC: 732D01BC, HackVersion: PREMIUM, HardwareId: 08E3877F-A3CA84B3-C41F8C74-B879E0A3
05:27:29 [HCClientInfoRecv] Result: 0, EncDecKey: 0 - 0, InternalVersion: 0, Reconnect: 1, MemoryGuard: 1 - 2, MacroProtect: 1 - 4, MemoryAddress: E611B2 - E61F68 - E61F70 - 8793718 - 8128AC8 - E8C578 - 9D0040 - 9CFC26
05:27:29 [HCDumpListRecv] Count: 113, MaxCount: 568
05:27:29 [HCDumpListRecv] Count: 113, MaxCount: 568
05:27:29 [HCDumpListRecv] Count: 113, MaxCount: 568
05:27:29 [HCDumpListRecv] Count: 113, MaxCount: 568
05:27:29 [HCDumpListRecv] Count: 113, MaxCount: 568
05:27:29 [HCDumpListRecv] Count: 3, MaxCount: 568
05:27:29 [HCChecksumListRecv] Count: 0, MaxCount: 0
05:27:29 [HCInternalListRecv] Count: 15, MaxCount: 15
05:27:29 [HCWindowListRecv] Count: 0, MaxCount: 0
05:27:29 [EntryProc] DumpListMaxCount: 568, ChecksumListMaxCount: 0, InternalListMaxCount: 15, WindowListMaxCount: 0
05:27:32 [EntryProc] Initialization successful
05:28:07 ----------------------------------------------------------------------------------------------------
05:28:07 [CheckSystemInformation] ClientVersion: PREMIUM, SystemVersion: 6.2.9200, MemoryUsage: 10552/32678mb
05:28:07 [SplashScreen] SplashType: 0, TextSwitch: 1, DisplayText: Licensed to: Mu Dynasty
05:28:07 [CHClientInfoSend] IsReconnect: 0, ClientFileCRC: 732D01BC, HackVersion: PREMIUM, HardwareId: 08E3877F-A3CA84B3-C41F8C74-B879E0A3
05:28:07 [HCClientInfoRecv] Result: 0, EncDecKey: 0 - 0, InternalVersion: 0, Reconnect: 1, MemoryGuard: 1 - 2, MacroProtect: 1 - 4, MemoryAddress: E611B2 - E61F68 - E61F70 - 8793718 - 8128AC8 - E8C578 - 9D0040 - 9CFC26
05:28:07 [HCDumpListRecv] Count: 113, MaxCount: 568
05:28:07 [HCDumpListRecv] Count: 113, MaxCount: 568
05:28:07 [HCDumpListRecv] Count: 113, MaxCount: 568
05:28:07 [HCDumpListRecv] Count: 113, MaxCount: 568
05:28:07 [HCDumpListRecv] Count: 113, MaxCount: 568
05:28:07 [HCDumpListRecv] Count: 3, MaxCount: 568
05:28:07 [HCChecksumListRecv] Count: 0, MaxCount: 0
05:28:07 [HCInternalListRecv] Count: 15, MaxCount: 15
05:28:07 [HCWindowListRecv] Count: 0, MaxCount: 0
05:28:07 [EntryProc] DumpListMaxCount: 568, ChecksumListMaxCount: 0, InternalListMaxCount: 15, WindowListMaxCount: 0
05:28:09 [EntryProc] Initialization successful
05:28:50 ----------------------------------------------------------------------------------------------------
05:28:50 [CheckSystemInformation] ClientVersion: PREMIUM, SystemVersion: 6.2.9200, MemoryUsage: 10516/32678mb
05:28:50 [SplashScreen] SplashType: 0, TextSwitch: 1, DisplayText: Licensed to: Mu Dynasty
05:28:50 [CHClientInfoSend] IsReconnect: 0, ClientFileCRC: 732D01BC, HackVersion: PREMIUM, HardwareId: 08E3877F-A3CA84B3-C41F8C74-B879E0A3
05:28:50 [HCClientInfoRecv] Result: 0, EncDecKey: 0 - 0, InternalVersion: 0, Reconnect: 1, MemoryGuard: 1 - 2, MacroProtect: 1 - 4, MemoryAddress: E611B2 - E61F68 - E61F70 - 8793718 - 8128AC8 - E8C578 - 9D0040 - 9CFC26
05:28:50 [HCDumpListRecv] Count: 113, MaxCount: 568
05:28:50 [HCDumpListRecv] Count: 113, MaxCount: 568
05:28:50 [HCDumpListRecv] Count: 113, MaxCount: 568
05:28:50 [HCDumpListRecv] Count: 113, MaxCount: 568
05:28:50 [HCDumpListRecv] Count: 113, MaxCount: 568
05:28:50 [HCDumpListRecv] Count: 3, MaxCount: 568
05:28:50 [HCChecksumListRecv] Count: 0, MaxCount: 0
05:28:50 [HCInternalListRecv] Count: 15, MaxCount: 15
05:28:50 [HCWindowListRecv] Count: 0, MaxCount: 0
05:28:50 [EntryProc] DumpListMaxCount: 568, ChecksumListMaxCount: 0, InternalListMaxCount: 15, WindowListMaxCount: 0
05:28:52 [EntryProc] Initialization successful
05:29:14 ----------------------------------------------------------------------------------------------------
05:29:14 [CheckSystemInformation] ClientVersion: PREMIUM, SystemVersion: 6.2.9200, MemoryUsage: 10518/32678mb
05:29:14 [SplashScreen] SplashType: 0, TextSwitch: 1, DisplayText: Licensed to: Mu Dynasty
05:29:14 [CHClientInfoSend] IsReconnect: 0, ClientFileCRC: 732D01BC, HackVersion: PREMIUM, HardwareId: 08E3877F-A3CA84B3-C41F8C74-B879E0A3
05:29:14 [HCClientInfoRecv] Result: 0, EncDecKey: 0 - 0, InternalVersion: 0, Reconnect: 1, MemoryGuard: 1 - 2, MacroProtect: 1 - 4, MemoryAddress: E611B2 - E61F68 - E61F70 - 8793718 - 8128AC8 - E8C578 - 9D0040 - 9CFC26
05:29:14 [HCDumpListRecv] Count: 113, MaxCount: 568
05:29:14 [HCDumpListRecv] Count: 113, MaxCount: 568
05:29:14 [HCDumpListRecv] Count: 113, MaxCount: 568
05:29:14 [HCDumpListRecv] Count: 113, MaxCount: 568
05:29:14 [HCDumpListRecv] Count: 113, MaxCount: 568
05:29:14 [HCDumpListRecv] Count: 3, MaxCount: 568
05:29:14 [HCChecksumListRecv] Count: 0, MaxCount: 0
05:29:14 [HCInternalListRecv] Count: 15, MaxCount: 15
05:29:14 [HCWindowListRecv] Count: 0, MaxCount: 0
05:29:15 [EntryProc] DumpListMaxCount: 568, ChecksumListMaxCount: 0, InternalListMaxCount: 15, WindowListMaxCount: 0
05:29:17 [EntryProc] Initialization successful
05:29:37 ----------------------------------------------------------------------------------------------------
05:29:37 [CheckSystemInformation] ClientVersion: PREMIUM, SystemVersion: 6.2.9200, MemoryUsage: 10514/32678mb
05:29:37 [SplashScreen] SplashType: 0, TextSwitch: 1, DisplayText: Licensed to: Mu Dynasty
05:29:37 [CHClientInfoSend] IsReconnect: 0, ClientFileCRC: 732D01BC, HackVersion: PREMIUM, HardwareId: 08E3877F-A3CA84B3-C41F8C74-B879E0A3
05:29:37 [HCClientInfoRecv] Result: 0, EncDecKey: 0 - 0, InternalVersion: 0, Reconnect: 1, MemoryGuard: 1 - 2, MacroProtect: 1 - 4, MemoryAddress: E611B2 - E61F68 - E61F70 - 8793718 - 8128AC8 - E8C578 - 9D0040 - 9CFC26
05:29:37 [HCDumpListRecv] Count: 113, MaxCount: 568
05:29:37 [HCDumpListRecv] Count: 113, MaxCount: 568
05:29:37 [HCDumpListRecv] Count: 113, MaxCount: 568
05:29:37 [HCDumpListRecv] Count: 113, MaxCount: 568
05:29:37 [HCDumpListRecv] Count: 113, MaxCount: 568
05:29:37 [HCDumpListRecv] Count: 3, MaxCount: 568
05:29:37 [HCChecksumListRecv] Count: 0, MaxCount: 0
05:29:37 [HCInternalListRecv] Count: 15, MaxCount: 15
05:29:37 [HCWindowListRecv] Count: 0, MaxCount: 0
05:29:38 [EntryProc] DumpListMaxCount: 568, ChecksumListMaxCount: 0, InternalListMaxCount: 15, WindowListMaxCount: 0
05:29:40 [EntryProc] Initialization successful
05:30:08 ----------------------------------------------------------------------------------------------------
05:30:08 [CheckSystemInformation] ClientVersion: PREMIUM, SystemVersion: 6.2.9200, MemoryUsage: 10537/32678mb
05:30:08 [SplashScreen] SplashType: 0, TextSwitch: 1, DisplayText: Licensed to: Mu Dynasty
05:30:08 [CHClientInfoSend] IsReconnect: 0, ClientFileCRC: 732D01BC, HackVersion: PREMIUM, HardwareId: 08E3877F-A3CA84B3-C41F8C74-B879E0A3
05:30:08 [HCClientInfoRecv] Result: 0, EncDecKey: 0 - 0, InternalVersion: 0, Reconnect: 1, MemoryGuard: 1 - 2, MacroProtect: 1 - 4, MemoryAddress: E611B2 - E61F68 - E61F70 - 8793718 - 8128AC8 - E8C578 - 9D0040 - 9CFC26
05:30:08 [HCDumpListRecv] Count: 113, MaxCount: 568
05:30:09 [HCDumpListRecv] Count: 113, MaxCount: 568
05:30:09 [HCDumpListRecv] Count: 113, MaxCount: 568
05:30:09 [HCDumpListRecv] Count: 113, MaxCount: 568
05:30:09 [HCDumpListRecv] Count: 113, MaxCount: 568
05:30:09 [HCDumpListRecv] Count: 3, MaxCount: 568
05:30:09 [HCChecksumListRecv] Count: 0, MaxCount: 0
05:30:09 [HCInternalListRecv] Count: 15, MaxCount: 15
05:30:09 [HCWindowListRecv] Count: 0, MaxCount: 0
05:30:09 [EntryProc] DumpListMaxCount: 568, ChecksumListMaxCount: 0, InternalListMaxCount: 15, WindowListMaxCount: 0
05:30:11 [EntryProc] Initialization successful
05:30:44 ----------------------------------------------------------------------------------------------------
05:30:44 [CheckSystemInformation] ClientVersion: PREMIUM, SystemVersion: 6.2.9200, MemoryUsage: 10693/32678mb
05:30:44 [SplashScreen] SplashType: 0, TextSwitch: 1, DisplayText: Licensed to: Mu Dynasty
05:30:44 [CHClientInfoSend] IsReconnect: 0, ClientFileCRC: 732D01BC, HackVersion: PREMIUM, HardwareId: 08E3877F-A3CA84B3-C41F8C74-B879E0A3
05:30:44 [HCClientInfoRecv] Result: 0, EncDecKey: 0 - 0, InternalVersion: 0, Reconnect: 1, MemoryGuard: 1 - 2, MacroProtect: 1 - 4, MemoryAddress: E611B2 - E61F68 - E61F70 - 8793718 - 8128AC8 - E8C578 - 9D0040 - 9CFC26
05:30:44 [HCDumpListRecv] Count: 113, MaxCount: 568
05:30:44 [HCDumpListRecv] Count: 113, MaxCount: 568
05:30:44 [HCDumpListRecv] Count: 113, MaxCount: 568
05:30:44 [HCDumpListRecv] Count: 113, MaxCount: 568
05:30:44 [HCDumpListRecv] Count: 113, MaxCount: 568
05:30:44 [HCDumpListRecv] Count: 3, MaxCount: 568
05:30:44 [HCChecksumListRecv] Count: 0, MaxCount: 0
05:30:44 [HCInternalListRecv] Count: 15, MaxCount: 15
05:30:44 [HCWindowListRecv] Count: 0, MaxCount: 0
05:30:44 [EntryProc] DumpListMaxCount: 568, ChecksumListMaxCount: 0, InternalListMaxCount: 15, WindowListMaxCount: 0
05:30:46 [EntryProc] Initialization successful
05:44:19 ----------------------------------------------------------------------------------------------------
05:44:19 [CheckSystemInformation] ClientVersion: PREMIUM, SystemVersion: 6.2.9200, MemoryUsage: 11062/32678mb
05:44:19 [SplashScreen] SplashType: 0, TextSwitch: 1, DisplayText: Licensed to: Mu Dynasty
05:44:19 [CHClientInfoSend] IsReconnect: 0, ClientFileCRC: 732D01BC, HackVersion: PREMIUM, HardwareId: 08E3877F-A3CA84B3-C41F8C74-B879E0A3
05:44:19 [HCClientInfoRecv] Result: 0, EncDecKey: 0 - 0, InternalVersion: 0, Reconnect: 1, MemoryGuard: 1 - 2, MacroProtect: 1 - 4, MemoryAddress: E611B2 - E61F68 - E61F70 - 8793718 - 8128AC8 - E8C578 - 9D0040 - 9CFC26
05:44:19 [HCDumpListRecv] Count: 113, MaxCount: 568
05:44:19 [HCDumpListRecv] Count: 113, MaxCount: 568
05:44:19 [HCDumpListRecv] Count: 113, MaxCount: 568
05:44:19 [HCDumpListRecv] Count: 113, MaxCount: 568
05:44:19 [HCDumpListRecv] Count: 113, MaxCount: 568
05:44:19 [HCDumpListRecv] Count: 3, MaxCount: 568
05:44:19 [HCChecksumListRecv] Count: 0, MaxCount: 0
05:44:19 [HCInternalListRecv] Count: 15, MaxCount: 15
05:44:19 [HCWindowListRecv] Count: 0, MaxCount: 0
05:44:19 [EntryProc] DumpListMaxCount: 568, ChecksumListMaxCount: 0, InternalListMaxCount: 15, WindowListMaxCount: 0
05:44:21 [EntryProc] Initialization successful
05:44:39 [CConnection::ClientWorkerThread] FD_CLOSE failed with error: 10053
05:44:39 [CConnection::DataSend] send() failed with error: 10054
05:44:57 [CHClientInfoSend] IsReconnect: 1, ClientFileCRC: 732D01BC, HackVersion: PREMIUM, HardwareId: 08E3877F-A3CA84B3-C41F8C74-B879E0A3
05:47:29 ----------------------------------------------------------------------------------------------------
05:47:29 [CheckSystemInformation] ClientVersion: PREMIUM, SystemVersion: 6.2.9200, MemoryUsage: 11112/32678mb
05:47:29 [SplashScreen] SplashType: 0, TextSwitch: 1, DisplayText: Licensed to: Mu Dynasty
05:47:29 [CHClientInfoSend] IsReconnect: 0, ClientFileCRC: 732D01BC, HackVersion: PREMIUM, HardwareId: 08E3877F-A3CA84B3-C41F8C74-B879E0A3
05:47:29 [HCClientInfoRecv] Result: 0, EncDecKey: 0 - 0, InternalVersion: 0, Reconnect: 1, MemoryGuard: 1 - 2, MacroProtect: 1 - 4, MemoryAddress: E611B2 - E61F68 - E61F70 - 8793718 - 8128AC8 - E8C578 - 9D0040 - 9CFC26
05:47:29 [HCDumpListRecv] Count: 113, MaxCount: 568
05:47:29 [HCDumpListRecv] Count: 113, MaxCount: 568
05:47:29 [HCDumpListRecv] Count: 113, MaxCount: 568
05:47:29 [HCDumpListRecv] Count: 113, MaxCount: 568
05:47:29 [HCDumpListRecv] Count: 113, MaxCount: 568
05:47:29 [HCDumpListRecv] Count: 3, MaxCount: 568
05:47:29 [HCChecksumListRecv] Count: 0, MaxCount: 0
05:47:29 [HCInternalListRecv] Count: 15, MaxCount: 15
05:47:29 [HCWindowListRecv] Count: 0, MaxCount: 0
05:47:29 [EntryProc] DumpListMaxCount: 568, ChecksumListMaxCount: 0, InternalListMaxCount: 15, WindowListMaxCount: 0
05:47:31 [EntryProc] Initialization successful
05:56:51 ----------------------------------------------------------------------------------------------------
05:56:51 [CheckSystemInformation] ClientVersion: PREMIUM, SystemVersion: 6.2.9200, MemoryUsage: 11700/32678mb
05:56:51 [SplashScreen] SplashType: 0, TextSwitch: 1, DisplayText: Licensed to: Mu Dynasty
05:56:51 [CHClientInfoSend] IsReconnect: 0, ClientFileCRC: 732D01BC, HackVersion: PREMIUM, HardwareId: 08E3877F-A3CA84B3-C41F8C74-B879E0A3
05:56:51 [HCClientInfoRecv] Result: 0, EncDecKey: 0 - 0, InternalVersion: 0, Reconnect: 1, MemoryGuard: 1 - 2, MacroProtect: 1 - 4, MemoryAddress: E611B2 - E61F68 - E61F70 - 8793718 - 8128AC8 - E8C578 - 9D0040 - 9CFC26
05:56:51 [HCDumpListRecv] Count: 113, MaxCount: 568
05:56:51 [HCDumpListRecv] Count: 113, MaxCount: 568
05:56:51 [HCDumpListRecv] Count: 113, MaxCount: 568
05:56:51 [HCDumpListRecv] Count: 113, MaxCount: 568
05:56:51 [HCDumpListRecv] Count: 113, MaxCount: 568
05:56:51 [HCDumpListRecv] Count: 3, MaxCount: 568
05:56:51 [HCChecksumListRecv] Count: 0, MaxCount: 0
05:56:51 [HCInternalListRecv] Count: 15, MaxCount: 15
05:56:51 [HCWindowListRecv] Count: 0, MaxCount: 0
05:56:52 [EntryProc] DumpListMaxCount: 568, ChecksumListMaxCount: 0, InternalListMaxCount: 15, WindowListMaxCount: 0
05:56:54 [EntryProc] Initialization successful
05:58:48 ----------------------------------------------------------------------------------------------------
05:58:48 [CheckSystemInformation] ClientVersion: PREMIUM, SystemVersion: 6.2.9200, MemoryUsage: 11447/32678mb
05:58:48 [SplashScreen] SplashType: 0, TextSwitch: 1, DisplayText: Licensed to: Mu Dynasty
05:58:48 [CHClientInfoSend] IsReconnect: 0, ClientFileCRC: 732D01BC, HackVersion: PREMIUM, HardwareId: 08E3877F-A3CA84B3-C41F8C74-B879E0A3
05:58:48 [HCClientInfoRecv] Result: 0, EncDecKey: 0 - 0, InternalVersion: 0, Reconnect: 1, MemoryGuard: 1 - 2, MacroProtect: 1 - 4, MemoryAddress: E611B2 - E61F68 - E61F70 - 8793718 - 8128AC8 - E8C578 - 9D0040 - 9CFC26
05:58:48 [HCDumpListRecv] Count: 113, MaxCount: 568
05:58:48 [HCDumpListRecv] Count: 113, MaxCount: 568
05:58:48 [HCDumpListRecv] Count: 113, MaxCount: 568
05:58:48 [HCDumpListRecv] Count: 113, MaxCount: 568
05:58:48 [HCDumpListRecv] Count: 113, MaxCount: 568
05:58:48 [HCDumpListRecv] Count: 3, MaxCount: 568
05:58:48 [HCChecksumListRecv] Count: 0, MaxCount: 0
05:58:48 [HCInternalListRecv] Count: 15, MaxCount: 15
05:58:48 [HCWindowListRecv] Count: 0, MaxCount: 0
05:58:49 [EntryProc] DumpListMaxCount: 568, ChecksumListMaxCount: 0, InternalListMaxCount: 15, WindowListMaxCount: 0
05:58:51 [EntryProc] Initialization successful
07:13:21 ----------------------------------------------------------------------------------------------------
07:13:21 [CheckSystemInformation] ClientVersion: PREMIUM, SystemVersion: 6.2.9200, MemoryUsage: 13298/32678mb
07:13:21 [SplashScreen] SplashType: 0, TextSwitch: 1, DisplayText: Licensed to: Mu Dynasty
07:13:21 [CHClientInfoSend] IsReconnect: 0, ClientFileCRC: 732D01BC, HackVersion: PREMIUM, HardwareId: 08E3877F-A3CA84B3-C41F8C74-B879E0A3
07:13:21 [HCClientInfoRecv] Result: 0, EncDecKey: 0 - 0, InternalVersion: 0, Reconnect: 1, MemoryGuard: 1 - 2, MacroProtect: 1 - 4, MemoryAddress: E611B2 - E61F68 - E61F70 - 8793718 - 8128AC8 - E8C578 - 9D0040 - 9CFC26
07:13:21 [HCDumpListRecv] Count: 113, MaxCount: 568
07:13:21 [HCDumpListRecv] Count: 113, MaxCount: 568
07:13:21 [HCDumpListRecv] Count: 113, MaxCount: 568
07:13:21 [HCDumpListRecv] Count: 113, MaxCount: 568
07:13:21 [HCDumpListRecv] Count: 113, MaxCount: 568
07:13:21 [HCDumpListRecv] Count: 3, MaxCount: 568
07:13:21 [HCChecksumListRecv] Count: 0, MaxCount: 0
07:13:21 [HCInternalListRecv] Count: 15, MaxCount: 15
07:13:21 [HCWindowListRecv] Count: 0, MaxCount: 0
07:13:22 [EntryProc] DumpListMaxCount: 568, ChecksumListMaxCount: 0, InternalListMaxCount: 15, WindowListMaxCount: 0
07:13:24 [EntryProc] Initialization successful
07:18:43 [CConnection::ClientWorkerThread] FD_CLOSE failed with error: 10053
07:18:47 [CConnection::DataSend] send() failed with error: 10054
07:44:07 ----------------------------------------------------------------------------------------------------
07:44:07 [CheckSystemInformation] ClientVersion: PREMIUM, SystemVersion: 6.2.9200, MemoryUsage: 13279/32678mb
07:44:07 [SplashScreen] SplashType: 0, TextSwitch: 1, DisplayText: Licensed to: Mu Dynasty
07:44:28 [CConnection::Connect] connect() failed with error: 10060
07:44:28 [SplashScreen] SplashType: 2, TextSwitch: 1, DisplayText: Could not connect to the server
07:45:03 ----------------------------------------------------------------------------------------------------
07:45:03 [CheckSystemInformation] ClientVersion: PREMIUM, SystemVersion: 6.2.9200, MemoryUsage: 13226/32678mb
07:45:03 [SplashScreen] SplashType: 0, TextSwitch: 1, DisplayText: Licensed to: Mu Dynasty
07:45:03 [CHClientInfoSend] IsReconnect: 0, ClientFileCRC: 732D01BC, HackVersion: PREMIUM, HardwareId: 08E3877F-A3CA84B3-C41F8C74-B879E0A3
07:45:03 [HCClientInfoRecv] Result: 0, EncDecKey: 0 - 0, InternalVersion: 0, Reconnect: 1, MemoryGuard: 1 - 2, MacroProtect: 1 - 4, MemoryAddress: E611B2 - E61F68 - E61F70 - 8793718 - 8128AC8 - E8C578 - 9D0040 - 9CFC26
07:45:03 [HCDumpListRecv] Count: 113, MaxCount: 568
07:45:03 [HCDumpListRecv] Count: 113, MaxCount: 568
07:45:03 [HCDumpListRecv] Count: 113, MaxCount: 568
07:45:03 [HCDumpListRecv] Count: 113, MaxCount: 568
07:45:03 [HCDumpListRecv] Count: 113, MaxCount: 568
07:45:03 [HCDumpListRecv] Count: 3, MaxCount: 568
07:45:03 [HCChecksumListRecv] Count: 0, MaxCount: 0
07:45:03 [HCInternalListRecv] Count: 15, MaxCount: 15
07:45:03 [HCWindowListRecv] Count: 0, MaxCount: 0
07:45:04 [EntryProc] DumpListMaxCount: 568, ChecksumListMaxCount: 0, InternalListMaxCount: 15, WindowListMaxCount: 0
07:45:06 [EntryProc] Initialization successful
07:54:18 ----------------------------------------------------------------------------------------------------
07:54:18 [CheckSystemInformation] ClientVersion: PREMIUM, SystemVersion: 6.2.9200, MemoryUsage: 13518/32678mb
07:54:19 [SplashScreen] SplashType: 0, TextSwitch: 1, DisplayText: Licensed to: Mu Dynasty
07:54:19 [CHClientInfoSend] IsReconnect: 0, ClientFileCRC: 732D01BC, HackVersion: PREMIUM, HardwareId: 08E3877F-A3CA84B3-C41F8C74-B879E0A3
07:54:19 [HCClientInfoRecv] Result: 0, EncDecKey: 0 - 0, InternalVersion: 0, Reconnect: 1, MemoryGuard: 1 - 2, MacroProtect: 1 - 4, MemoryAddress: E611B2 - E61F68 - E61F70 - 8793718 - 8128AC8 - E8C578 - 9D0040 - 9CFC26
07:54:19 [HCDumpListRecv] Count: 113, MaxCount: 568
07:54:19 [HCDumpListRecv] Count: 113, MaxCount: 568
07:54:19 [HCDumpListRecv] Count: 113, MaxCount: 568
07:54:19 [HCDumpListRecv] Count: 113, MaxCount: 568
07:54:19 [HCDumpListRecv] Count: 113, MaxCount: 568
07:54:19 [HCDumpListRecv] Count: 3, MaxCount: 568
07:54:19 [HCChecksumListRecv] Count: 0, MaxCount: 0
07:54:19 [HCInternalListRecv] Count: 15, MaxCount: 15
07:54:19 [HCWindowListRecv] Count: 0, MaxCount: 0
07:54:19 [EntryProc] DumpListMaxCount: 568, ChecksumListMaxCount: 0, InternalListMaxCount: 15, WindowListMaxCount: 0
07:54:21 [EntryProc] Initialization successful
08:09:52 [CConnection::ClientWorkerThread] FD_CLOSE failed with error: 10053
08:09:53 [CConnection::DataSend] send() failed with error: 10054
08:10:13 [CHClientInfoSend] IsReconnect: 1, ClientFileCRC: 732D01BC, HackVersion: PREMIUM, HardwareId: 08E3877F-A3CA84B3-C41F8C74-B879E0A3
08:37:09 ----------------------------------------------------------------------------------------------------
08:37:09 [CheckSystemInformation] ClientVersion: PREMIUM, SystemVersion: 6.2.9200, MemoryUsage: 13857/32678mb
08:37:09 [SplashScreen] SplashType: 0, TextSwitch: 1, DisplayText: Licensed to: Mu Dynasty
08:37:09 [CHClientInfoSend] IsReconnect: 0, ClientFileCRC: 732D01BC, HackVersion: PREMIUM, HardwareId: 08E3877F-A3CA84B3-C41F8C74-B879E0A3
08:37:09 [HCClientInfoRecv] Result: 0, EncDecKey: 0 - 0, InternalVersion: 0, Reconnect: 1, MemoryGuard: 1 - 2, MacroProtect: 1 - 4, MemoryAddress: E611B2 - E61F68 - E61F70 - 8793718 - 8128AC8 - E8C578 - 9D0040 - 9CFC26
08:37:09 [HCDumpListRecv] Count: 113, MaxCount: 568
08:37:09 [HCDumpListRecv] Count: 113, MaxCount: 568
08:37:09 [HCDumpListRecv] Count: 113, MaxCount: 568
08:37:09 [HCDumpListRecv] Count: 113, MaxCount: 568
08:37:09 [HCDumpListRecv] Count: 113, MaxCount: 568
08:37:09 [HCDumpListRecv] Count: 3, MaxCount: 568
08:37:09 [HCChecksumListRecv] Count: 0, MaxCount: 0
08:37:09 [HCInternalListRecv] Count: 15, MaxCount: 15
08:37:09 [HCWindowListRecv] Count: 0, MaxCount: 0
08:37:10 [EntryProc] DumpListMaxCount: 568, ChecksumListMaxCount: 0, InternalListMaxCount: 15, WindowListMaxCount: 0
08:37:12 [EntryProc] Initialization successful
08:41:32 [CConnection::ClientWorkerThread] FD_CLOSE failed with error: 10053
08:41:34 [CConnection::DataSend] send() failed with error: 10054
08:48:21 ----------------------------------------------------------------------------------------------------
08:48:21 [CheckSystemInformation] ClientVersion: PREMIUM, SystemVersion: 6.2.9200, MemoryUsage: 13278/32678mb
08:48:21 [SplashScreen] SplashType: 0, TextSwitch: 1, DisplayText: Licensed to: Mu Dynasty
08:48:42 [CConnection::Connect] connect() failed with error: 10060
08:48:42 [SplashScreen] SplashType: 2, TextSwitch: 1, DisplayText: Could not connect to the server
09:01:16 ----------------------------------------------------------------------------------------------------
09:01:16 [CheckSystemInformation] ClientVersion: PREMIUM, SystemVersion: 6.2.9200, MemoryUsage: 12816/32678mb
09:01:16 [SplashScreen] SplashType: 0, TextSwitch: 1, DisplayText: Licensed to: Mu Dynasty
09:01:16 [CHClientInfoSend] IsReconnect: 0, ClientFileCRC: 732D01BC, HackVersion: PREMIUM, HardwareId: 08E3877F-A3CA84B3-C41F8C74-B879E0A3
09:01:16 [HCClientInfoRecv] Result: 0, EncDecKey: 0 - 0, InternalVersion: 0, Reconnect: 1, MemoryGuard: 1 - 2, MacroProtect: 1 - 4, MemoryAddress: E611B2 - E61F68 - E61F70 - 8793718 - 8128AC8 - E8C578 - 9D0040 - 9CFC26
09:01:16 [HCDumpListRecv] Count: 113, MaxCount: 568
09:01:16 [HCDumpListRecv] Count: 113, MaxCount: 568
09:01:16 [HCDumpListRecv] Count: 113, MaxCount: 568
09:01:16 [HCDumpListRecv] Count: 113, MaxCount: 568
09:01:16 [HCDumpListRecv] Count: 113, MaxCount: 568
09:01:16 [HCDumpListRecv] Count: 3, MaxCount: 568
09:01:16 [HCChecksumListRecv] Count: 0, MaxCount: 0
09:01:16 [HCInternalListRecv] Count: 15, MaxCount: 15
09:01:16 [HCWindowListRecv] Count: 0, MaxCount: 0
09:01:17 [EntryProc] DumpListMaxCount: 568, ChecksumListMaxCount: 0, InternalListMaxCount: 15, WindowListMaxCount: 0
09:01:19 [EntryProc] Initialization successful
09:02:58 ----------------------------------------------------------------------------------------------------
09:02:58 [CheckSystemInformation] ClientVersion: PREMIUM, SystemVersion: 6.2.9200, MemoryUsage: 12967/32678mb
09:02:58 [SplashScreen] SplashType: 0, TextSwitch: 1, DisplayText: Licensed to: Mu Dynasty
09:02:58 [CHClientInfoSend] IsReconnect: 0, ClientFileCRC: 732D01BC, HackVersion: PREMIUM, HardwareId: 08E3877F-A3CA84B3-C41F8C74-B879E0A3
09:02:58 [HCClientInfoRecv] Result: 0, EncDecKey: 0 - 0, InternalVersion: 0, Reconnect: 1, MemoryGuard: 1 - 2, MacroProtect: 1 - 4, MemoryAddress: E611B2 - E61F68 - E61F70 - 8793718 - 8128AC8 - E8C578 - 9D0040 - 9CFC26
09:02:58 [HCDumpListRecv] Count: 113, MaxCount: 568
09:02:58 [HCDumpListRecv] Count: 113, MaxCount: 568
09:02:58 [HCDumpListRecv] Count: 113, MaxCount: 568
09:02:58 [HCDumpListRecv] Count: 113, MaxCount: 568
09:02:58 [HCDumpListRecv] Count: 113, MaxCount: 568
09:02:58 [HCDumpListRecv] Count: 3, MaxCount: 568
09:02:58 [HCChecksumListRecv] Count: 0, MaxCount: 0
09:02:58 [HCInternalListRecv] Count: 15, MaxCount: 15
09:02:58 [HCWindowListRecv] Count: 0, MaxCount: 0
09:02:58 [EntryProc] DumpListMaxCount: 568, ChecksumListMaxCount: 0, InternalListMaxCount: 15, WindowListMaxCount: 0
09:03:00 [EntryProc] Initialization successful
09:33:04 ----------------------------------------------------------------------------------------------------
09:33:04 [CheckSystemInformation] ClientVersion: PREMIUM, SystemVersion: 6.2.9200, MemoryUsage: 13043/32678mb
09:33:04 [SplashScreen] SplashType: 0, TextSwitch: 1, DisplayText: Licensed to: Mu Dynasty
09:33:04 [CHClientInfoSend] IsReconnect: 0, ClientFileCRC: 732D01BC, HackVersion: PREMIUM, HardwareId: 08E3877F-A3CA84B3-C41F8C74-B879E0A3
09:33:04 [HCClientInfoRecv] Result: 0, EncDecKey: 0 - 0, InternalVersion: 0, Reconnect: 1, MemoryGuard: 1 - 2, MacroProtect: 1 - 4, MemoryAddress: E611B2 - E61F68 - E61F70 - 8793718 - 8128AC8 - E8C578 - 9D0040 - 9CFC26
09:33:04 [HCDumpListRecv] Count: 113, MaxCount: 568
09:33:04 [HCDumpListRecv] Count: 113, MaxCount: 568
09:33:04 [HCDumpListRecv] Count: 113, MaxCount: 568
09:33:04 [HCDumpListRecv] Count: 113, MaxCount: 568
09:33:04 [HCDumpListRecv] Count: 113, MaxCount: 568
09:33:04 [HCDumpListRecv] Count: 3, MaxCount: 568
09:33:04 [HCChecksumListRecv] Count: 0, MaxCount: 0
09:33:04 [HCInternalListRecv] Count: 15, MaxCount: 15
09:33:04 [HCWindowListRecv] Count: 0, MaxCount: 0
09:33:04 [EntryProc] DumpListMaxCount: 568, ChecksumListMaxCount: 0, InternalListMaxCount: 15, WindowListMaxCount: 0
09:33:06 [EntryProc] Initialization successful
10:02:15 ----------------------------------------------------------------------------------------------------
10:02:15 [CheckSystemInformation] ClientVersion: PREMIUM, SystemVersion: 6.2.9200, MemoryUsage: 14395/32678mb
10:02:15 [SplashScreen] SplashType: 0, TextSwitch: 1, DisplayText: Con licencia a: Mu Dynasty
10:02:15 [CHClientInfoSend] IsReconnect: 0, ClientFileCRC: 732D01BC, HackVersion: PREMIUM, HardwareId: 08E3877F-A3CA84B3-C41F8C74-B879E0A3
10:02:15 [HCClientInfoRecv] Result: 0, EncDecKey: 0 - 0, InternalVersion: 0, Reconnect: 1, MemoryGuard: 1 - 2, MacroProtect: 1 - 4, MemoryAddress: E611B2 - E61F68 - E61F70 - 8793718 - 8128AC8 - E8C578 - 9D0040 - 9CFC26
10:02:15 [HCDumpListRecv] Count: 113, MaxCount: 568
10:02:15 [HCDumpListRecv] Count: 113, MaxCount: 568
10:02:15 [HCDumpListRecv] Count: 113, MaxCount: 568
10:02:15 [HCDumpListRecv] Count: 113, MaxCount: 568
10:02:15 [HCDumpListRecv] Count: 113, MaxCount: 568
10:02:15 [HCDumpListRecv] Count: 3, MaxCount: 568
10:02:15 [HCChecksumListRecv] Count: 0, MaxCount: 0
10:02:15 [HCInternalListRecv] Count: 15, MaxCount: 15
10:02:15 [HCWindowListRecv] Count: 0, MaxCount: 0
10:02:16 [EntryProc] DumpListMaxCount: 568, ChecksumListMaxCount: 0, InternalListMaxCount: 15, WindowListMaxCount: 0
10:02:18 [EntryProc] Initialization successful
10:02:40 ----------------------------------------------------------------------------------------------------
10:02:40 [CheckSystemInformation] ClientVersion: PREMIUM, SystemVersion: 6.2.9200, MemoryUsage: 14337/32678mb
10:03:38 ----------------------------------------------------------------------------------------------------
10:03:38 [CheckSystemInformation] ClientVersion: PREMIUM, SystemVersion: 6.2.9200, MemoryUsage: 14299/32678mb
10:03:38 [SplashScreen] SplashType: 0, TextSwitch: 1, DisplayText: Con licencia a: Mu Dynasty
10:03:38 [CHClientInfoSend] IsReconnect: 0, ClientFileCRC: 732D01BC, HackVersion: PREMIUM, HardwareId: 08E3877F-A3CA84B3-C41F8C74-B879E0A3
10:03:38 [HCClientInfoRecv] Result: 0, EncDecKey: 0 - 0, InternalVersion: 0, Reconnect: 1, MemoryGuard: 1 - 2, MacroProtect: 1 - 4, MemoryAddress: E611B2 - E61F68 - E61F70 - 8793718 - 8128AC8 - E8C578 - 9D0040 - 9CFC26
10:03:38 [HCDumpListRecv] Count: 113, MaxCount: 568
10:03:38 [HCDumpListRecv] Count: 113, MaxCount: 568
10:03:38 [HCDumpListRecv] Count: 113, MaxCount: 568
10:03:38 [HCDumpListRecv] Count: 113, MaxCount: 568
10:03:38 [HCDumpListRecv] Count: 113, MaxCount: 568
10:03:38 [HCDumpListRecv] Count: 3, MaxCount: 568
10:03:38 [HCChecksumListRecv] Count: 0, MaxCount: 0
10:03:38 [HCInternalListRecv] Count: 15, MaxCount: 15
10:03:38 [HCWindowListRecv] Count: 0, MaxCount: 0
10:03:38 [EntryProc] DumpListMaxCount: 568, ChecksumListMaxCount: 0, InternalListMaxCount: 15, WindowListMaxCount: 0
10:03:40 [EntryProc] Initialization successful
10:18:44 ----------------------------------------------------------------------------------------------------
10:18:44 [CheckSystemInformation] ClientVersion: PREMIUM, SystemVersion: 6.2.9200, MemoryUsage: 11165/32678mb
10:18:44 [SplashScreen] SplashType: 0, TextSwitch: 1, DisplayText: Licensed to: Mu Dynasty
10:18:44 [CHClientInfoSend] IsReconnect: 0, ClientFileCRC: 732D01BC, HackVersion: PREMIUM, HardwareId: 08E3877F-A3CA84B3-C41F8C74-B879E0A3
10:18:44 [HCClientInfoRecv] Result: 0, EncDecKey: 0 - 0, InternalVersion: 0, Reconnect: 1, MemoryGuard: 1 - 2, MacroProtect: 1 - 4, MemoryAddress: E611B2 - E61F68 - E61F70 - 8793718 - 8128AC8 - E8C578 - 9D0040 - 9CFC26
10:18:44 [HCDumpListRecv] Count: 113, MaxCount: 568
10:18:44 [HCDumpListRecv] Count: 113, MaxCount: 568
10:18:44 [HCDumpListRecv] Count: 113, MaxCount: 568
10:18:44 [HCDumpListRecv] Count: 113, MaxCount: 568
10:18:44 [HCDumpListRecv] Count: 113, MaxCount: 568
10:18:44 [HCDumpListRecv] Count: 3, MaxCount: 568
10:18:44 [HCChecksumListRecv] Count: 0, MaxCount: 0
10:18:44 [HCInternalListRecv] Count: 15, MaxCount: 15
10:18:44 [HCWindowListRecv] Count: 0, MaxCount: 0
10:18:44 [EntryProc] DumpListMaxCount: 568, ChecksumListMaxCount: 0, InternalListMaxCount: 15, WindowListMaxCount: 0
10:18:46 [EntryProc] Initialization successful
10:23:17 ----------------------------------------------------------------------------------------------------
10:23:17 [CheckSystemInformation] ClientVersion: PREMIUM, SystemVersion: 6.2.9200, MemoryUsage: 11146/32678mb
10:23:17 [SplashScreen] SplashType: 0, TextSwitch: 1, DisplayText: Licensed to: Mu Dynasty
10:23:17 [CHClientInfoSend] IsReconnect: 0, ClientFileCRC: 732D01BC, HackVersion: PREMIUM, HardwareId: 08E3877F-A3CA84B3-C41F8C74-B879E0A3
10:23:17 [HCClientInfoRecv] Result: 0, EncDecKey: 0 - 0, InternalVersion: 0, Reconnect: 1, MemoryGuard: 1 - 2, MacroProtect: 1 - 4, MemoryAddress: E611B2 - E61F68 - E61F70 - 8793718 - 8128AC8 - E8C578 - 9D0040 - 9CFC26
10:23:17 [HCDumpListRecv] Count: 113, MaxCount: 568
10:23:17 [HCDumpListRecv] Count: 113, MaxCount: 568
10:23:17 [HCDumpListRecv] Count: 113, MaxCount: 568
10:23:17 [HCDumpListRecv] Count: 113, MaxCount: 568
10:23:17 [HCDumpListRecv] Count: 113, MaxCount: 568
10:23:17 [HCDumpListRecv] Count: 3, MaxCount: 568
10:23:17 [HCChecksumListRecv] Count: 0, MaxCount: 0
10:23:17 [HCInternalListRecv] Count: 15, MaxCount: 15
10:23:17 [HCWindowListRecv] Count: 0, MaxCount: 0
10:23:17 [EntryProc] DumpListMaxCount: 568, ChecksumListMaxCount: 0, InternalListMaxCount: 15, WindowListMaxCount: 0
10:23:20 [EntryProc] Initialization successful
10:25:36 ----------------------------------------------------------------------------------------------------
10:25:36 [CheckSystemInformation] ClientVersion: PREMIUM, SystemVersion: 6.2.9200, MemoryUsage: 10024/32678mb
10:25:36 [SplashScreen] SplashType: 0, TextSwitch: 1, DisplayText: Licensed to: Mu Dynasty
10:25:37 [CHClientInfoSend] IsReconnect: 0, ClientFileCRC: 732D01BC, HackVersion: PREMIUM, HardwareId: 08E3877F-A3CA84B3-C41F8C74-B879E0A3
10:25:37 [HCClientInfoRecv] Result: 0, EncDecKey: 0 - 0, InternalVersion: 0, Reconnect: 1, MemoryGuard: 1 - 2, MacroProtect: 1 - 4, MemoryAddress: E611B2 - E61F68 - E61F70 - 8793718 - 8128AC8 - E8C578 - 9D0040 - 9CFC26
10:25:37 [HCDumpListRecv] Count: 113, MaxCount: 568
10:25:37 [HCDumpListRecv] Count: 113, MaxCount: 568
10:25:37 [HCDumpListRecv] Count: 113, MaxCount: 568
10:25:37 [HCDumpListRecv] Count: 113, MaxCount: 568
10:25:37 [HCDumpListRecv] Count: 113, MaxCount: 568
10:25:37 [HCDumpListRecv] Count: 3, MaxCount: 568
10:25:37 [HCChecksumListRecv] Count: 0, MaxCount: 0
10:25:37 [HCInternalListRecv] Count: 15, MaxCount: 15
10:25:37 [HCWindowListRecv] Count: 0, MaxCount: 0
10:25:37 [EntryProc] DumpListMaxCount: 568, ChecksumListMaxCount: 0, InternalListMaxCount: 15, WindowListMaxCount: 0
10:25:39 [EntryProc] Initialization successful
10:27:20 ----------------------------------------------------------------------------------------------------
10:27:20 [CheckSystemInformation] ClientVersion: PREMIUM, SystemVersion: 6.2.9200, MemoryUsage: 10051/32678mb
10:27:20 [SplashScreen] SplashType: 0, TextSwitch: 1, DisplayText: Licensed to: Mu Dynasty
10:27:20 [CHClientInfoSend] IsReconnect: 0, ClientFileCRC: 732D01BC, HackVersion: PREMIUM, HardwareId: 08E3877F-A3CA84B3-C41F8C74-B879E0A3
10:27:21 [HCClientInfoRecv] Result: 0, EncDecKey: 0 - 0, InternalVersion: 0, Reconnect: 1, MemoryGuard: 1 - 2, MacroProtect: 1 - 4, MemoryAddress: E611B2 - E61F68 - E61F70 - 8793718 - 8128AC8 - E8C578 - 9D0040 - 9CFC26
10:27:21 [HCDumpListRecv] Count: 113, MaxCount: 568
10:27:21 [HCDumpListRecv] Count: 113, MaxCount: 568
10:27:21 [HCDumpListRecv] Count: 113, MaxCount: 568
10:27:21 [HCDumpListRecv] Count: 113, MaxCount: 568
10:27:21 [HCDumpListRecv] Count: 113, MaxCount: 568
10:27:21 [HCDumpListRecv] Count: 3, MaxCount: 568
10:27:21 [HCChecksumListRecv] Count: 0, MaxCount: 0
10:27:21 [HCInternalListRecv] Count: 15, MaxCount: 15
10:27:21 [HCWindowListRecv] Count: 0, MaxCount: 0
10:27:21 [EntryProc] DumpListMaxCount: 568, ChecksumListMaxCount: 0, InternalListMaxCount: 15, WindowListMaxCount: 0
10:27:23 [EntryProc] Initialization successful
10:28:30 ----------------------------------------------------------------------------------------------------
10:28:30 [CheckSystemInformation] ClientVersion: PREMIUM, SystemVersion: 6.2.9200, MemoryUsage: 10299/32678mb
10:28:30 [SplashScreen] SplashType: 0, TextSwitch: 1, DisplayText: Licensed to: Mu Dynasty
10:28:30 [CHClientInfoSend] IsReconnect: 0, ClientFileCRC: 732D01BC, HackVersion: PREMIUM, HardwareId: 08E3877F-A3CA84B3-C41F8C74-B879E0A3
10:28:30 [HCClientInfoRecv] Result: 0, EncDecKey: 0 - 0, InternalVersion: 0, Reconnect: 1, MemoryGuard: 1 - 2, MacroProtect: 1 - 4, MemoryAddress: E611B2 - E61F68 - E61F70 - 8793718 - 8128AC8 - E8C578 - 9D0040 - 9CFC26
10:28:30 [HCDumpListRecv] Count: 113, MaxCount: 568
10:28:30 [HCDumpListRecv] Count: 113, MaxCount: 568
10:28:30 [HCDumpListRecv] Count: 113, MaxCount: 568
10:28:30 [HCDumpListRecv] Count: 113, MaxCount: 568
10:28:30 [HCDumpListRecv] Count: 113, MaxCount: 568
10:28:30 [HCDumpListRecv] Count: 3, MaxCount: 568
10:28:30 [HCChecksumListRecv] Count: 0, MaxCount: 0
10:28:30 [HCInternalListRecv] Count: 15, MaxCount: 15
10:28:30 [HCWindowListRecv] Count: 0, MaxCount: 0
10:28:30 [EntryProc] DumpListMaxCount: 568, ChecksumListMaxCount: 0, InternalListMaxCount: 15, WindowListMaxCount: 0
10:28:32 [EntryProc] Initialization successful
13:08:54 ----------------------------------------------------------------------------------------------------
13:08:54 [CheckSystemInformation] ClientVersion: PREMIUM, SystemVersion: 6.2.9200, MemoryUsage: 11145/32678mb
13:08:54 [SplashScreen] SplashType: 0, TextSwitch: 1, DisplayText: Licensed to: Mu Dynasty
13:08:54 [CHClientInfoSend] IsReconnect: 0, ClientFileCRC: 732D01BC, HackVersion: PREMIUM, HardwareId: 08E3877F-A3CA84B3-C41F8C74-B879E0A3
13:08:54 [HCClientInfoRecv] Result: 0, EncDecKey: 0 - 0, InternalVersion: 0, Reconnect: 1, MemoryGuard: 1 - 2, MacroProtect: 1 - 4, MemoryAddress: E611B2 - E61F68 - E61F70 - 8793718 - 8128AC8 - E8C578 - 9D0040 - 9CFC26
13:08:54 [HCDumpListRecv] Count: 113, MaxCount: 568
13:08:54 [HCDumpListRecv] Count: 113, MaxCount: 568
13:08:54 [HCDumpListRecv] Count: 113, MaxCount: 568
13:08:54 [HCDumpListRecv] Count: 113, MaxCount: 568
13:08:54 [HCDumpListRecv] Count: 113, MaxCount: 568
13:08:54 [HCDumpListRecv] Count: 3, MaxCount: 568
13:08:54 [HCChecksumListRecv] Count: 0, MaxCount: 0
13:08:54 [HCInternalListRecv] Count: 15, MaxCount: 15
13:08:54 [HCWindowListRecv] Count: 0, MaxCount: 0
13:08:54 [EntryProc] DumpListMaxCount: 568, ChecksumListMaxCount: 0, InternalListMaxCount: 15, WindowListMaxCount: 0
13:08:56 [EntryProc] Initialization successful
